2025-03-25 07:35:06:522 [Appium] Welcome to Appium v2.15.0
2025-03-25 07:35:06:523 [Appium] Non-default server args:
2025-03-25 07:35:06:523 [Appium] { port: 13789, sessionOverride: true }
2025-03-25 07:35:06:523 [Appium] The autodetected Appium home path: /Users/noushadpathan/.appium
2025-03-25 07:35:06:524 [Appium] Attempting to load driver uiautomator2...
2025-03-25 07:35:06:529 [Appium] Requiring driver at /Users/noushadpathan/.appium/node_modules/appium-uiautomator2-driver/build/index.js
2025-03-25 07:35:08:672 [Appium] AndroidUiautomator2Driver has been successfully loaded in 2.147s
2025-03-25 07:35:08:697 [Appium] Appium REST http interface listener started on http://0.0.0.0:13789
2025-03-25 07:35:08:699 [Appium] You can provide the following URLs in your client code to connect to this server:
	http://127.0.0.1:13789/ (only accessible from the same host)
	http://192.168.3.1:13789/
	http://10.255.0.139:13789/
	http://192.168.2.1:13789/
	http://100.124.29.5:13789/
2025-03-25 07:35:08:700 [Appium] Available drivers:
2025-03-25 07:35:08:700 [Appium]   - uiautomator2@4.0.0 (automationName 'UiAutomator2')
2025-03-25 07:35:08:700 [Appium] No plugins have been installed. Use the "appium plugin" command to install the one(s) you want to use.
2025-03-25 07:35:08:946 [HTTP] --> GET /status {}
2025-03-25 07:35:08:947 [AppiumDriver@449c] Calling AppiumDriver.getStatus() with args: []
2025-03-25 07:35:08:949 [AppiumDriver@449c] Responding to client with driver.getStatus() result: {"ready":true,"message":"The server is ready to accept new connections","build":{"version":"2.15.0"}}
2025-03-25 07:35:08:954 [HTTP] <-- GET /status 200 6 ms - 111 
2025-03-25 07:35:08:959 [HTTP] --> GET /status {}
2025-03-25 07:35:08:960 [AppiumDriver@449c] Calling AppiumDriver.getStatus() with args: []
2025-03-25 07:35:08:960 [AppiumDriver@449c] Responding to client with driver.getStatus() result: {"ready":true,"message":"The server is ready to accept new connections","build":{"version":"2.15.0"}}
2025-03-25 07:35:08:961 [HTTP] <-- GET /status 200 1 ms - 111 
2025-03-25 07:35:09:200 [HTTP] Request idempotency key: 5a5d015c-0893-468e-a318-9016d91cd15c
2025-03-25 07:35:09:230 [HTTP] --> POST /session {"capabilities":{"firstMatch":[{}],"alwaysMatch":{"appium:app":"/Users/noushadpathan/Downloads/VKYC(Android).apk","appium:autoGrantPermissions":true,"appium:automationName":"UiAutomator2","appium:deviceName":"Emulator","appium:resetKeyboard":true,"appium:udid":"emulator-5554","appium:unicodeKeyboard":true,"platformName":"ANDROID"}}}
2025-03-25 07:35:09:230 [AppiumDriver@449c] Calling AppiumDriver.createSession() with args: [null,null,{"firstMatch":[{}],"alwaysMatch":{"appium:app":"/Users/noushadpathan/Downloads/VKYC(Android).apk","appium:autoGrantPermissions":true,"appium:automationName":"UiAutomator2","appium:deviceName":"Emulator","appium:resetKeyboard":true,"appium:udid":"emulator-5554","appium:unicodeKeyboard":true,"platformName":"ANDROID"}}]
2025-03-25 07:35:09:230 [AppiumDriver@449c] Event 'newSessionRequested' logged at 1742888109230 (13:05:09 GMT+0530 (India Standard Time))
2025-03-25 07:35:09:231 [Appium] Attempting to find matching driver for automationName 'UiAutomator2' and platformName 'ANDROID'
2025-03-25 07:35:09:231 [Appium] The 'uiautomator2' driver was installed and matched caps.
2025-03-25 07:35:09:231 [Appium] Will require it at /Users/noushadpathan/.appium/node_modules/appium-uiautomator2-driver
2025-03-25 07:35:09:231 [Appium] Requiring driver at /Users/noushadpathan/.appium/node_modules/appium-uiautomator2-driver/build/index.js
2025-03-25 07:35:09:231 [AppiumDriver@449c] Appium v2.15.0 creating new AndroidUiautomator2Driver (v4.0.0) session
2025-03-25 07:35:09:231 [AppiumDriver@449c] Checking BaseDriver versions for Appium and AndroidUiautomator2Driver
2025-03-25 07:35:09:231 [AppiumDriver@449c] Appium's BaseDriver version is 9.15.0
2025-03-25 07:35:09:231 [AppiumDriver@449c] AndroidUiautomator2Driver's BaseDriver version is 9.15.0
2025-03-25 07:35:09:232 [AppiumDriver@449c] There are no active sessions for cleanup
2025-03-25 07:35:09:233 [38;5;-67m[AndroidUiautomator2Driver@ddff] 
2025-03-25 07:35:09:233 [38;5;-67m[AndroidUiautomator2Driver@ddff] Creating session with W3C capabilities: {
  "alwaysMatch": {
    "platformName": "ANDROID",
    "appium:app": "/Users/noushadpathan/Downloads/VKYC(Android).apk",
    "appium:autoGrantPermissions": true,
    "appium:automationName": "UiAutomator2",
    "appium:deviceName": "Emulator",
    "appium:resetKeyboard": true,
    "appium:udid": "emulator-5554",
    "appium:unicodeKeyboard": true
  },
  "firstMatch": [
    {}
  ]
}
2025-03-25 07:35:09:236 [38;5;-67m[AndroidUiautomator2Driver@ddff] The following provided capabilities were not recognized by this driver:
2025-03-25 07:35:09:236 [38;5;-67m[AndroidUiautomator2Driver@ddff]   resetKeyboard
2025-03-25 07:35:09:236 [ba4906c3][38;5;-67m[AndroidUiautomator2Driver@ddff] Session created with session id: ba4906c3-ce95-449e-b224-58456bf3e844
2025-03-25 07:35:09:241 [ba4906c3][ADB] Found 2 'build-tools' folders under '/Users/noushadpathan/Library/Android/sdk' (newest first):
2025-03-25 07:35:09:241 [ba4906c3][ADB]     /Users/noushadpathan/Library/Android/sdk/build-tools/35.0.1
2025-03-25 07:35:09:241 [ba4906c3][ADB]     /Users/noushadpathan/Library/Android/sdk/build-tools/35.0.0
2025-03-25 07:35:09:242 [ba4906c3][ADB] Using 'adb' from '/Users/noushadpathan/Library/Android/sdk/platform-tools/adb'
2025-03-25 07:35:09:242 [ba4906c3][ADB] Running '/Users/noushadpathan/Library/Android/sdk/platform-tools/adb -P 5037 start-server'
2025-03-25 07:35:09:252 [ba4906c3][38;5;-67m[AndroidUiautomator2Driver@ddff] Retrieving device list
2025-03-25 07:35:09:252 [ba4906c3][ADB] Trying to find connected Android devices
2025-03-25 07:35:09:253 [ba4906c3][ADB] Getting connected devices
2025-03-25 07:35:09:261 [ba4906c3][ADB] Connected devices: [{"udid":"emulator-5554","state":"device"}]
2025-03-25 07:35:09:261 [ba4906c3][38;5;-67m[AndroidUiautomator2Driver@ddff] Using device: emulator-5554
2025-03-25 07:35:09:262 [ba4906c3][ADB] Using 'adb' from '/Users/noushadpathan/Library/Android/sdk/platform-tools/adb'
2025-03-25 07:35:09:262 [ba4906c3][ADB] Running '/Users/noushadpathan/Library/Android/sdk/platform-tools/adb -P 5037 start-server'
2025-03-25 07:35:09:270 [ba4906c3][ADB] Setting device id to emulator-5554
2025-03-25 07:35:09:271 [ba4906c3][BaseDriver] Using local app '/Users/noushadpathan/Downloads/VKYC(Android).apk'
2025-03-25 07:35:09:331 [ba4906c3][38;5;-67m[AndroidUiautomator2Driver@ddff] Checking whether app is actually present
2025-03-25 07:35:09:332 [ba4906c3][ADB] Running '/Users/noushadpathan/Library/Android/sdk/platform-tools/adb -P 5037 -s emulator-5554 shell getprop ro.build.version.sdk'
2025-03-25 07:35:09:365 [ba4906c3][ADB] Current device property 'ro.build.version.sdk': 35
2025-03-25 07:35:09:365 [ba4906c3][ADB] Getting device platform version
2025-03-25 07:35:09:365 [ba4906c3][ADB] Running '/Users/noushadpathan/Library/Android/sdk/platform-tools/adb -P 5037 -s emulator-5554 shell getprop ro.build.version.release'
2025-03-25 07:35:09:384 [ba4906c3][ADB] Current device property 'ro.build.version.release': 15
2025-03-25 07:35:09:384 [ba4906c3][ADB] Device API level: 35
2025-03-25 07:35:09:384 [ba4906c3][38;5;-67m[AndroidUiautomator2Driver@ddff] Relaxing hidden api policy
2025-03-25 07:35:09:384 [ba4906c3][ADB] Running '/Users/noushadpathan/Library/Android/sdk/platform-tools/adb -P 5037 -s emulator-5554 shell 'settings put global hidden_api_policy_pre_p_apps 1;settings put global hidden_api_policy_p_apps 1;settings put global hidden_api_policy 1''
2025-03-25 07:35:09:384 [ba4906c3][38;5;-67m[AndroidUiautomator2Driver@ddff] Parsing package and activity from the 'VKYC(Android).apk' file manifest
2025-03-25 07:35:09:385 [ba4906c3][ADB] Running '/Users/noushadpathan/Library/Android/sdk/platform-tools/adb -P 5037 -s emulator-5554 wait-for-device'
2025-03-25 07:35:09:385 [ba4906c3][ADB] Using 'aapt2' from '/Users/noushadpathan/Library/Android/sdk/build-tools/35.0.1/aapt2'
2025-03-25 07:35:09:386 [ba4906c3][ADB] Reading package manifest: '/Users/noushadpathan/Library/Android/sdk/build-tools/35.0.1/aapt2 dump badging /Users/noushadpathan/Downloads/VKYC\(Android\).apk'
2025-03-25 07:35:09:395 [ba4906c3][ADB] Running '/Users/noushadpathan/Library/Android/sdk/platform-tools/adb -P 5037 -s emulator-5554 shell echo ping'
2025-03-25 07:35:09:411 [ba4906c3][38;5;-67m[AndroidUiautomator2Driver@ddff] Pushing settings apk to the device...
2025-03-25 07:35:09:411 [ba4906c3][ADB] Getting package info for 'io.appium.settings'
2025-03-25 07:35:09:411 [ba4906c3][ADB] Running '/Users/noushadpathan/Library/Android/sdk/platform-tools/adb -P 5037 -s emulator-5554 shell dumpsys package io.appium.settings'
2025-03-25 07:35:09:445 [ba4906c3][ADB] Package name: 'com.m2p.vkyc.app'
2025-03-25 07:35:09:445 [ba4906c3][ADB] Main activity name: 'com.m2p.vkyc.app.MainActivity'
2025-03-25 07:35:09:445 [ba4906c3][38;5;-67m[AndroidUiautomator2Driver@ddff] Resolved launch package -> activity: com.m2p.vkyc.app -> com.m2p.vkyc.app.MainActivity
2025-03-25 07:35:09:445 [ba4906c3][38;5;-67m[AndroidUiautomator2Driver@ddff] Resolved wait package -> activity: com.m2p.vkyc.app -> com.m2p.vkyc.app.MainActivity
2025-03-25 07:35:09:450 [ba4906c3][ADB] Reading package manifest: '/Users/noushadpathan/Library/Android/sdk/build-tools/35.0.1/aapt2 dump badging /Users/noushadpathan/.appium/node_modules/appium-uiautomator2-driver/node_modules/io.appium.settings/apks/settings_apk-debug.apk'
2025-03-25 07:35:09:468 [ba4906c3][ADB] The version name of the installed 'io.appium.settings' is greater or equal to the application version name ('5.12.22' >= '5.12.22')
2025-03-25 07:35:09:468 [ba4906c3][ADB] There is no need to install/upgrade '/Users/noushadpathan/.appium/node_modules/appium-uiautomator2-driver/node_modules/io.appium.settings/apks/settings_apk-debug.apk'
2025-03-25 07:35:09:468 [ba4906c3][ADB] Running '/Users/noushadpathan/Library/Android/sdk/platform-tools/adb -P 5037 -s emulator-5554 shell dumpsys activity services io.appium.settings'
2025-03-25 07:35:09:486 [ba4906c3][ADB] Running '/Users/noushadpathan/Library/Android/sdk/platform-tools/adb -P 5037 -s emulator-5554 shell cmd notification allow_listener io.appium.settings/.NLService'
2025-03-25 07:35:09:486 [ba4906c3][ADB] Running '/Users/noushadpathan/Library/Android/sdk/platform-tools/adb -P 5037 -s emulator-5554 shell appops set io.appium.settings PROJECT_MEDIA allow'
2025-03-25 07:35:09:513 [ba4906c3][ADB] Running '/Users/noushadpathan/Library/Android/sdk/platform-tools/adb -P 5037 -s emulator-5554 shell dumpsys activity services io.appium.settings'
2025-03-25 07:35:09:528 [ba4906c3][SettingsApp] Starting Appium Settings app
2025-03-25 07:35:09:528 [ba4906c3][ADB] Running '/Users/noushadpathan/Library/Android/sdk/platform-tools/adb -P 5037 -s emulator-5554 shell am start-activity -n io.appium.settings/.Settings -a android.intent.action.MAIN -c android.intent.category.LAUNCHER'
2025-03-25 07:35:09:596 [ba4906c3][ADB] Running '/Users/noushadpathan/Library/Android/sdk/platform-tools/adb -P 5037 -s emulator-5554 shell dumpsys activity services io.appium.settings'
2025-03-25 07:35:09:963 [ba4906c3][ADB] Running '/Users/noushadpathan/Library/Android/sdk/platform-tools/adb -P 5037 -s emulator-5554 shell dumpsys activity services io.appium.settings'
2025-03-25 07:35:10:001 [ba4906c3][Logcat] Starting logs capture with command: /Users/noushadpathan/Library/Android/sdk/platform-tools/adb -P 5037 -s emulator-5554 logcat -v threadtime
2025-03-25 07:35:10:003 [ba4906c3][38;5;-67m[AndroidUiautomator2Driver@ddff] The 'unicodeKeyboard' capability has been deprecated and will be removed. Set the 'hideKeyboard' capability to 'true' in order to make the on-screen keyboard invisible.
2025-03-25 07:35:10:003 [ba4906c3][38;5;-67m[AndroidUiautomator2Driver@ddff] Enabling Unicode keyboard support
2025-03-25 07:35:10:004 [ba4906c3][ADB] Running '/Users/noushadpathan/Library/Android/sdk/platform-tools/adb -P 5037 -s emulator-5554 shell settings get secure default_input_method'
2025-03-25 07:35:10:049 [ba4906c3][38;5;-67m[AndroidUiautomator2Driver@ddff] Unsetting previous IME io.appium.settings/.UnicodeIME
2025-03-25 07:35:10:049 [ba4906c3][38;5;-67m[AndroidUiautomator2Driver@ddff] Setting IME to 'io.appium.settings/.UnicodeIME'
2025-03-25 07:35:10:049 [ba4906c3][ADB] Running '/Users/noushadpathan/Library/Android/sdk/platform-tools/adb -P 5037 -s emulator-5554 shell ime enable io.appium.settings/.UnicodeIME'
2025-03-25 07:35:10:092 [ba4906c3][ADB] Running '/Users/noushadpathan/Library/Android/sdk/platform-tools/adb -P 5037 -s emulator-5554 shell ime set io.appium.settings/.UnicodeIME'
2025-03-25 07:35:10:131 [ba4906c3][38;5;-67m[AndroidUiautomator2Driver@ddff] Forwarding UiAutomator2 Server port 6790 to local port 8200
2025-03-25 07:35:10:131 [ba4906c3][ADB] Forwarding system: 8200 to device: 6790
2025-03-25 07:35:10:131 [ba4906c3][ADB] Running '/Users/noushadpathan/Library/Android/sdk/platform-tools/adb -P 5037 -s emulator-5554 forward tcp:8200 tcp:6790'
2025-03-25 07:35:10:143 [ba4906c3][ADB] Getting package info for 'io.appium.uiautomator2.server'
2025-03-25 07:35:10:143 [ba4906c3][ADB] Running '/Users/noushadpathan/Library/Android/sdk/platform-tools/adb -P 5037 -s emulator-5554 shell dumpsys package io.appium.uiautomator2.server'
2025-03-25 07:35:10:144 [ba4906c3][ADB] Getting install status for io.appium.uiautomator2.server.test
2025-03-25 07:35:10:144 [ba4906c3][ADB] Checking app cert for /Users/noushadpathan/Downloads/VKYC(Android).apk
2025-03-25 07:35:10:144 [ba4906c3][ADB] Running '/Users/noushadpathan/Library/Android/sdk/platform-tools/adb -P 5037 -s emulator-5554 shell cmd package list packages'
2025-03-25 07:35:10:201 [ba4906c3][ADB] Reading package manifest: '/Users/noushadpathan/Library/Android/sdk/build-tools/35.0.1/aapt2 dump badging /Users/noushadpathan/.appium/node_modules/appium-uiautomator2-driver/node_modules/appium-uiautomator2-server/apks/appium-uiautomator2-server-v7.2.3.apk'
2025-03-25 07:35:10:202 [ba4906c3][ADB] 'io.appium.uiautomator2.server.test' is installed
2025-03-25 07:35:10:228 [ba4906c3][ADB] The version name of the installed 'io.appium.uiautomator2.server' is greater or equal to the application version name ('7.2.3' >= '7.2.3')
2025-03-25 07:35:10:228 [ba4906c3][38;5;-67m[AndroidUiautomator2Driver@ddff] Server packages status: [{"installState":"sameVersionInstalled","appPath":"/Users/noushadpathan/.appium/node_modules/appium-uiautomator2-driver/node_modules/appium-uiautomator2-server/apks/appium-uiautomator2-server-v7.2.3.apk","appId":"io.appium.uiautomator2.server"},{"installState":"sameVersionInstalled","appPath":"/Users/noushadpathan/.appium/node_modules/appium-uiautomator2-driver/node_modules/appium-uiautomator2-server/apks/appium-uiautomator2-server-debug-androidTest.apk","appId":"io.appium.uiautomator2.server.test"}]
2025-03-25 07:35:10:228 [ba4906c3][38;5;-67m[AndroidUiautomator2Driver@ddff] Server packages are not going to be (re)installed
2025-03-25 07:35:10:228 [ba4906c3][38;5;-67m[AndroidUiautomator2Driver@ddff] Waiting up to 30000ms for services to be available
2025-03-25 07:35:10:228 [ba4906c3][ADB] Running '/Users/noushadpathan/Library/Android/sdk/platform-tools/adb -P 5037 -s emulator-5554 shell pm list instrumentation'
2025-03-25 07:35:10:239 [ba4906c3][ADB] Using 'apksigner.jar' from '/Users/noushadpathan/Library/Android/sdk/build-tools/35.0.1/lib/apksigner.jar'
2025-03-25 07:35:10:239 [ba4906c3][ADB] Starting apksigner: /Library/Java/JavaVirtualMachines/jdk-17.jdk/Contents/Home/bin/java -Xmx1024M -Xss1m -jar /Users/noushadpathan/Library/Android/sdk/build-tools/35.0.1/lib/apksigner.jar verify --print-certs /Users/noushadpathan/Downloads/VKYC\(Android\).apk
2025-03-25 07:35:10:278 [ba4906c3][38;5;-67m[AndroidUiautomator2Driver@ddff] Instrumentation target 'io.appium.uiautomator2.server.test/androidx.test.runner.AndroidJUnitRunner' is available
2025-03-25 07:35:10:279 [ba4906c3][ADB] Adding packages ["io.appium.settings","io.appium.uiautomator2.server","io.appium.uiautomator2.server.test"] to Doze whitelist
2025-03-25 07:35:10:279 [ba4906c3][ADB] Got the following command chunks to execute: [["dumpsys","deviceidle","whitelist","+io.appium.settings",";","dumpsys","deviceidle","whitelist","+io.appium.uiautomator2.server",";","dumpsys","deviceidle","whitelist","+io.appium.uiautomator2.server.test",";"]]
2025-03-25 07:35:10:279 [ba4906c3][ADB] Running '/Users/noushadpathan/Library/Android/sdk/platform-tools/adb -P 5037 -s emulator-5554 shell dumpsys deviceidle whitelist +io.appium.settings ; dumpsys deviceidle whitelist +io.appium.uiautomator2.server ; dumpsys deviceidle whitelist +io.appium.uiautomator2.server.test ;'
2025-03-25 07:35:10:692 [ba4906c3][ADB] apksigner stdout: Signer #1 certificate DN: CN=vkyc
Signer #1 certificate SHA-256 digest: 342744f3382e97937dce1b8464a73dac87c8da47f70cdd8f86d932a518af71e5
Signer #1 certificate SHA-1 digest: 60a21bb651052c77fc93f2b920dc76c3d9205dac
Signer #1 certificate MD5 digest: 233cbba773236192bbb6a70df4033f58

2025-03-25 07:35:10:692 [ba4906c3][ADB] '/Users/noushadpathan/Downloads/VKYC(Android).apk' is signed with a non-default certificate
2025-03-25 07:35:10:693 [ba4906c3][ADB] Getting package info for 'com.m2p.vkyc.app'
2025-03-25 07:35:10:693 [ba4906c3][ADB] Running '/Users/noushadpathan/Library/Android/sdk/platform-tools/adb -P 5037 -s emulator-5554 shell dumpsys package com.m2p.vkyc.app'
2025-03-25 07:35:10:752 [ba4906c3][ADB] Reading package manifest: '/Users/noushadpathan/Library/Android/sdk/build-tools/35.0.1/aapt2 dump badging /Users/noushadpathan/Downloads/VKYC\(Android\).apk'
2025-03-25 07:35:10:788 [ba4906c3][ADB] The version name of the installed 'com.m2p.vkyc.app' is greater or equal to the application version name ('1.0.0' >= '1.0.0')
2025-03-25 07:35:10:788 [ba4906c3][ADB] There is no need to install/upgrade '/Users/noushadpathan/Downloads/VKYC(Android).apk'
2025-03-25 07:35:10:788 [ba4906c3][38;5;-67m[AndroidUiautomator2Driver@ddff] Performing fast reset on 'com.m2p.vkyc.app'
2025-03-25 07:35:10:788 [ba4906c3][ADB] Getting install status for com.m2p.vkyc.app
2025-03-25 07:35:10:788 [ba4906c3][ADB] Running '/Users/noushadpathan/Library/Android/sdk/platform-tools/adb -P 5037 -s emulator-5554 shell cmd package list packages'
2025-03-25 07:35:10:809 [ba4906c3][ADB] 'com.m2p.vkyc.app' is installed
2025-03-25 07:35:10:810 [ba4906c3][ADB] Running '/Users/noushadpathan/Library/Android/sdk/platform-tools/adb -P 5037 -s emulator-5554 shell am force-stop com.m2p.vkyc.app'
2025-03-25 07:35:10:916 [ba4906c3][ADB] Running '/Users/noushadpathan/Library/Android/sdk/platform-tools/adb -P 5037 -s emulator-5554 shell pm clear com.m2p.vkyc.app'
2025-03-25 07:35:11:236 [ba4906c3][ADB] Running '/Users/noushadpathan/Library/Android/sdk/platform-tools/adb -P 5037 -s emulator-5554 shell dumpsys package com.m2p.vkyc.app'
2025-03-25 07:35:11:408 [ba4906c3][ADB] Retrieving requested permissions
2025-03-25 07:35:11:411 [ba4906c3][ADB] Retrieved 11 permissions from requested group
2025-03-25 07:35:11:411 [ba4906c3][ADB] Retrieving granted permissions
2025-03-25 07:35:11:412 [ba4906c3][ADB] Retrieved 6 permissions from install,runtime groups
2025-03-25 07:35:11:412 [ba4906c3][ADB] Granting permissions ["android.permission.ACCESS_FINE_LOCATION","android.permission.READ_EXTERNAL_STORAGE","android.permission.ACCESS_COARSE_LOCATION","android.permission.CAMERA","android.permission.RECORD_AUDIO"] to 'com.m2p.vkyc.app'
2025-03-25 07:35:11:412 [ba4906c3][ADB] Got the following command chunks to execute: [["pm","grant","com.m2p.vkyc.app","android.permission.ACCESS_FINE_LOCATION",";","pm","grant","com.m2p.vkyc.app","android.permission.READ_EXTERNAL_STORAGE",";","pm","grant","com.m2p.vkyc.app","android.permission.ACCESS_COARSE_LOCATION",";","pm","grant","com.m2p.vkyc.app","android.permission.CAMERA",";","pm","grant","com.m2p.vkyc.app","android.permission.RECORD_AUDIO",";"]]
2025-03-25 07:35:11:412 [ba4906c3][ADB] Running '/Users/noushadpathan/Library/Android/sdk/platform-tools/adb -P 5037 -s emulator-5554 shell pm grant com.m2p.vkyc.app android.permission.ACCESS_FINE_LOCATION ; pm grant com.m2p.vkyc.app android.permission.READ_EXTERNAL_STORAGE ; pm grant com.m2p.vkyc.app android.permission.ACCESS_COARSE_LOCATION ; pm grant com.m2p.vkyc.app android.permission.CAMERA ; pm grant com.m2p.vkyc.app android.permission.RECORD_AUDIO ;'
2025-03-25 07:35:11:622 [ba4906c3][38;5;-67m[AndroidUiautomator2Driver@ddff] Performed fast reset on the installed 'com.m2p.vkyc.app' application (stop and clear)
2025-03-25 07:35:11:622 [ba4906c3][38;5;-67m[AndroidUiautomator2Driver@ddff] Performing shallow cleanup of automation leftovers
2025-03-25 07:35:11:706 [ba4906c3][38;5;-67m[AndroidUiautomator2Driver@ddff] No obsolete sessions have been detected (socket hang up)
2025-03-25 07:35:11:706 [ba4906c3][ADB] Running '/Users/noushadpathan/Library/Android/sdk/platform-tools/adb -P 5037 -s emulator-5554 shell am force-stop io.appium.uiautomator2.server'
2025-03-25 07:35:11:706 [ba4906c3][ADB] Running '/Users/noushadpathan/Library/Android/sdk/platform-tools/adb -P 5037 -s emulator-5554 shell am force-stop io.appium.uiautomator2.server.test'
2025-03-25 07:35:11:761 [ba4906c3][38;5;-67m[AndroidUiautomator2Driver@ddff] Starting UIAutomator2 server 7.2.3
2025-03-25 07:35:11:761 [ba4906c3][38;5;-67m[AndroidUiautomator2Driver@ddff] Using UIAutomator2 server from '/Users/noushadpathan/.appium/node_modules/appium-uiautomator2-driver/node_modules/appium-uiautomator2-server/apks/appium-uiautomator2-server-v7.2.3.apk' and test from '/Users/noushadpathan/.appium/node_modules/appium-uiautomator2-driver/node_modules/appium-uiautomator2-server/apks/appium-uiautomator2-server-debug-androidTest.apk'
2025-03-25 07:35:11:761 [ba4906c3][38;5;-67m[AndroidUiautomator2Driver@ddff] Waiting up to 30000ms for UiAutomator2 to be online...
2025-03-25 07:35:11:762 [ba4906c3][ADB] Creating ADB subprocess with args: ["-P","5037","-s","emulator-5554","shell","am","instrument","-w","-e","disableAnalytics","true","io.appium.uiautomator2.server.test/androidx.test.runner.AndroidJUnitRunner"]
2025-03-25 07:35:11:764 [ba4906c3][38;5;-67m[AndroidUiautomator2Driver@ddff] Matched '/status' to command name 'getStatus'
2025-03-25 07:35:11:765 [ba4906c3][38;5;-67m[AndroidUiautomator2Driver@ddff] Proxying [GET /status] to [GET http://127.0.0.1:8200/status] with no body
2025-03-25 07:35:11:781 [ba4906c3][38;5;-67m[AndroidUiautomator2Driver@ddff] socket hang up
2025-03-25 07:35:12:759 [ba4906c3][38;5;-67m[AndroidUiautomator2Driver@ddff] [Instrumentation] 
2025-03-25 07:35:12:783 [ba4906c3][38;5;-67m[AndroidUiautomator2Driver@ddff] Matched '/status' to command name 'getStatus'
2025-03-25 07:35:12:783 [ba4906c3][38;5;-67m[AndroidUiautomator2Driver@ddff] Proxying [GET /status] to [GET http://127.0.0.1:8200/status] with no body
2025-03-25 07:35:12:787 [ba4906c3][38;5;-67m[AndroidUiautomator2Driver@ddff] socket hang up
2025-03-25 07:35:13:789 [ba4906c3][38;5;-67m[AndroidUiautomator2Driver@ddff] Matched '/status' to command name 'getStatus'
2025-03-25 07:35:13:789 [ba4906c3][38;5;-67m[AndroidUiautomator2Driver@ddff] Proxying [GET /status] to [GET http://127.0.0.1:8200/status] with no body
2025-03-25 07:35:13:795 [ba4906c3][38;5;-67m[AndroidUiautomator2Driver@ddff] socket hang up
2025-03-25 07:35:14:796 [ba4906c3][38;5;-67m[AndroidUiautomator2Driver@ddff] Matched '/status' to command name 'getStatus'
2025-03-25 07:35:14:796 [ba4906c3][38;5;-67m[AndroidUiautomator2Driver@ddff] Proxying [GET /status] to [GET http://127.0.0.1:8200/status] with no body
2025-03-25 07:35:14:821 [ba4906c3][38;5;-67m[AndroidUiautomator2Driver@ddff] Got response with status 200: {"sessionId":"None","value":{"message":"UiAutomator2 Server is ready to accept commands","ready":true}}
2025-03-25 07:35:14:821 [ba4906c3][38;5;-67m[AndroidUiautomator2Driver@ddff] The initialization of the instrumentation process took 3060ms
2025-03-25 07:35:14:822 [ba4906c3][38;5;-67m[AndroidUiautomator2Driver@ddff] Matched '/session' to command name 'createSession'
2025-03-25 07:35:14:822 [ba4906c3][38;5;-67m[AndroidUiautomator2Driver@ddff] Proxying [POST /session] to [POST http://127.0.0.1:8200/session] with body: {"capabilities":{"firstMatch":[{"platformName":"ANDROID","app":"/Users/noushadpathan/Downloads/VKYC(Android).apk","autoGrantPermissions":true,"automationName":"UiAutomator2","deviceName":"emulator-5554","resetKeyboard":true,"udid":"emulator-5554","unicodeKeyboard":true,"platform":"LINUX","webStorageEnabled":false,"takesScreenshot":true,"javascriptEnabled":true,"databaseEnabled":false,"networkConnectionEnabled":true,"locationContextEnabled":false,"warnings":{},"desired":{"platformName":"ANDROID","app":"/Users/noushadpathan/Downloads/VKYC(Android).apk","autoGrantPermissions":true,"automationName":"UiAutomator2","deviceName":"Emulator","resetKeyboard":true,"udid":"emulator-5554","unicodeKeyboard":true},"deviceUDID":"emulator-5554","appPackage":"com.m2p.vkyc.app","appActivity":"com.m2p.vkyc.app.MainActivity"}],"alwaysMatch":{}}}
2025-03-25 07:35:14:829 [ba4906c3][38;5;-67m[AndroidUiautomator2Driver@ddff] Got response with status 200: {"sessionId":"a1e20be8-d51a-4085-b757-02952ffbc9e1","value":{"capabilities":{"firstMatch":[{"platformName":"ANDROID","app":"/Users/noushadpathan/Downloads/VKYC(Android).apk","autoGrantPermissions":true,"automationName":"UiAutomator2","deviceName":"emulator-5554","resetKeyboard":true,"udid":"emulator-5554","unicodeKeyboard":true,"platform":"LINUX","webStorageEnabled":false,"takesScreenshot":true,"javascriptEnabled":true,"databaseEnabled":false,"networkConnectionEnabled":true,"locationContextEnabled":false,"warnings":{},"desired":{"platformName":"ANDROID","app":"/Users/noushadpathan/Downloads/VKYC(Android).apk","autoGrantPermissions":true,"automationName":"UiAutomator2","deviceName":"Emulator","resetKeyboard":true,"udid":"emulator-5554","unicodeKeyboard":true},"deviceUDID":"emulator-5554","appPackage":"com.m2p.vkyc.app","appActivity":"com.m2p.vkyc.app.MainActivity"}],"alwaysMatch":{}},"sessionId":"a1e20be8-d51a-4085-b757-02952ffbc9e1"}}
2025-03-25 07:35:14:829 [ba4906c3][38;5;-67m[AndroidUiautomator2Driver@ddff] Determined the downstream protocol as 'W3C'
2025-03-25 07:35:14:843 [ba4906c3][38;5;-67m[AndroidUiautomator2Driver@ddff] Proxying [GET /appium/device/pixel_ratio] to [GET http://127.0.0.1:8200/session/a1e20be8-d51a-4085-b757-02952ffbc9e1/appium/device/pixel_ratio] with no body
2025-03-25 07:35:14:844 [ba4906c3][38;5;-67m[AndroidUiautomator2Driver@ddff] Matched '/appium/device/system_bars' to command name 'getSystemBars'
2025-03-25 07:35:14:844 [ba4906c3][38;5;-67m[AndroidUiautomator2Driver@ddff] Proxying [GET /appium/device/system_bars] to [GET http://127.0.0.1:8200/session/a1e20be8-d51a-4085-b757-02952ffbc9e1/appium/device/system_bars] with no body
2025-03-25 07:35:14:846 [ba4906c3][38;5;-67m[AndroidUiautomator2Driver@ddff] Matched '/window/current/size' to command name 'getWindowSize'
2025-03-25 07:35:14:846 [ba4906c3][38;5;-67m[AndroidUiautomator2Driver@ddff] Proxying [GET /window/current/size] to [GET http://127.0.0.1:8200/session/a1e20be8-d51a-4085-b757-02952ffbc9e1/window/current/size] with no body
2025-03-25 07:35:14:848 [ba4906c3][38;5;-67m[AndroidUiautomator2Driver@ddff] Proxying [GET /appium/device/info] to [GET http://127.0.0.1:8200/session/a1e20be8-d51a-4085-b757-02952ffbc9e1/appium/device/info] with no body
2025-03-25 07:35:14:849 [ba4906c3][ADB] Running '/Users/noushadpathan/Library/Android/sdk/platform-tools/adb -P 5037 -s emulator-5554 shell dumpsys window'
2025-03-25 07:35:14:851 [ba4906c3][ADB] Running '/Users/noushadpathan/Library/Android/sdk/platform-tools/adb -P 5037 -s emulator-5554 shell dumpsys power'
2025-03-25 07:35:14:857 [ba4906c3][38;5;-67m[AndroidUiautomator2Driver@ddff] Got response with status 200: {"sessionId":"a1e20be8-d51a-4085-b757-02952ffbc9e1","value":2.625}
2025-03-25 07:35:14:860 [ba4906c3][38;5;-67m[AndroidUiautomator2Driver@ddff] Got response with status 200: {"sessionId":"a1e20be8-d51a-4085-b757-02952ffbc9e1","value":{"statusBar":63}}
2025-03-25 07:35:14:861 [ba4906c3][38;5;-67m[AndroidUiautomator2Driver@ddff] Got response with status 200: {"sessionId":"a1e20be8-d51a-4085-b757-02952ffbc9e1","value":{"height":2400,"width":1080}}
2025-03-25 07:35:14:894 [ba4906c3][38;5;-67m[AndroidUiautomator2Driver@ddff] Got response with status 200: {"sessionId":"a1e20be8-d51a-4085-b757-02952ffbc9e1","value":{"androidId":"3690958736bf0cb6","apiVersion":"35","bluetooth":{"state":"ON"},"brand":"google","carrierName":"T-Mobile","displayDensity":420,"locale":"en_US","manufacturer":"Google","model":"sdk_gphone64_arm64","networks":[{"capabilities":{"SSID":null,"linkDownBandwidthKbps":4300,"linkUpstreamBandwidthKbps":1800,"networkCapabilities":"NET_CAPABILITY_MMS,NET_CAPABILITY_SUPL,NET_CAPABILITY_IA,NET_CAPABILITY_XCAP,NET_CAPABILITY_INTERNET,NET_CAPABILITY_NOT_RESTRICTED,NET_CAPABILITY_TRUSTED,NET_CAPABILITY_NOT_VPN,NET_CAPABILITY_VALIDATED,NET_CAPABILITY_NOT_ROAMING,NET_CAPABILITY_NOT_CONGESTED,NET_CAPABILITY_NOT_SUSPENDED","signalStrength":-2147483648,"transportTypes":"TRANSPORT_CELLULAR"},"detailedState":"CONNECTED","extraInfo":"fast.t-mobile.com","isAvailable":true,"isConnected":true,"isFailover":false,"isRoaming":false,"state":"CONNECTED","subtype":13,"subtypeName":"LTE","type":0,"typeName":"MOBILE"},{"capabilities":{"SSID":null,"linkDownBandwidthKbps...
2025-03-25 07:35:14:913 [ba4906c3][38;5;-67m[AndroidUiautomator2Driver@ddff] Screen already unlocked, doing nothing
2025-03-25 07:35:14:913 [ba4906c3][38;5;-67m[AndroidUiautomator2Driver@ddff] Starting 'com.m2p.vkyc.app/com.m2p.vkyc.app.MainActivity' and waiting for 'com.m2p.vkyc.app/com.m2p.vkyc.app.MainActivity'
2025-03-25 07:35:14:913 [ba4906c3][ADB] Running '/Users/noushadpathan/Library/Android/sdk/platform-tools/adb -P 5037 -s emulator-5554 shell am start-activity -W -n com.m2p.vkyc.app/com.m2p.vkyc.app.MainActivity -S -a android.intent.action.MAIN -c android.intent.category.LAUNCHER -f 0x10200000'
2025-03-25 07:35:15:472 [ba4906c3][ADB] Expected package names to be focused within 20000ms: 'com.m2p.vkyc.app'
2025-03-25 07:35:15:472 [ba4906c3][ADB] Expected activity name patterns to be focused within 20000ms: '/^com\.m2p\.vkyc\.app\.MainActivity$/'
2025-03-25 07:35:15:472 [ba4906c3][ADB] Getting focused package and activity
2025-03-25 07:35:15:472 [ba4906c3][ADB] Running '/Users/noushadpathan/Library/Android/sdk/platform-tools/adb -P 5037 -s emulator-5554 shell dumpsys window displays'
2025-03-25 07:35:15:508 [ba4906c3][ADB] Focused package: com.m2p.vkyc.app
2025-03-25 07:35:15:508 [ba4906c3][ADB] Focused fully qualified activity name: com.m2p.vkyc.app.MainActivity
2025-03-25 07:35:15:509 [ba4906c3][AppiumDriver@449c] New AndroidUiautomator2Driver session created successfully, session ba4906c3-ce95-449e-b224-58456bf3e844 added to master session list
2025-03-25 07:35:15:509 [ba4906c3][AppiumDriver@449c] Event 'newSessionStarted' logged at 1742888115509 (13:05:15 GMT+0530 (India Standard Time))
2025-03-25 07:35:15:509 [ba4906c3][38;5;-67m[AndroidUiautomator2Driver@ddff] Cached the protocol value 'W3C' for the new session ba4906c3-ce95-449e-b224-58456bf3e844
2025-03-25 07:35:15:510 [ba4906c3][38;5;-67m[AndroidUiautomator2Driver@ddff] Responding to client with driver.createSession() result: {"capabilities":{"platformName":"ANDROID","app":"/Users/noushadpathan/Downloads/VKYC(Android).apk","autoGrantPermissions":true,"automationName":"UiAutomator2","deviceName":"emulator-5554","resetKeyboard":true,"udid":"emulator-5554","unicodeKeyboard":true,"platform":"LINUX","webStorageEnabled":false,"takesScreenshot":true,"javascriptEnabled":true,"databaseEnabled":false,"networkConnectionEnabled":true,"locationContextEnabled":false,"warnings":{},"desired":{"platformName":"ANDROID","app":"/Users/noushadpathan/Downloads/VKYC(Android).apk","autoGrantPermissions":true,"automationName":"UiAutomator2","deviceName":"Emulator","resetKeyboard":true,"udid":"emulator-5554","unicodeKeyboard":true},"deviceUDID":"emulator-5554","appPackage":"com.m2p.vkyc.app","appActivity":"com.m2p.vkyc.app.MainActivity","pixelRatio":"2.625","statBarHeight":63,"viewportRect":{"left":0,"top":63,"width":1080,"height":2337},"deviceApiLevel":35,"platformVersion":"15","deviceManufacturer":"Google","deviceModel":"sdk_gphone64_arm64","deviceScr...
2025-03-25 07:35:15:511 [ba4906c3][HTTP] <-- POST /session 200 6280 ms - 1130 
2025-03-25 07:35:15:622 [ba4906c3][HTTP] --> POST /session/ba4906c3-ce95-449e-b224-58456bf3e844/timeouts {"implicit":10000}
2025-03-25 07:35:15:623 [ba4906c3][38;5;-67m[AndroidUiautomator2Driver@ddff] Calling AppiumDriver.timeouts() with args: [null,null,null,null,10000,"ba4906c3-ce95-449e-b224-58456bf3e844"]
2025-03-25 07:35:15:623 [ba4906c3][38;5;-67m[AndroidUiautomator2Driver@ddff] W3C timeout argument: {"implicit":10000}}
2025-03-25 07:35:15:623 [ba4906c3][38;5;-67m[AndroidUiautomator2Driver@ddff] Set implicit wait to 10000ms
2025-03-25 07:35:15:623 [ba4906c3][38;5;-67m[AndroidUiautomator2Driver@ddff] Responding to client with driver.timeouts() result: null
2025-03-25 07:35:15:623 [ba4906c3][HTTP] <-- POST /session/ba4906c3-ce95-449e-b224-58456bf3e844/timeouts 200 1 ms - 14 
2025-03-25 07:35:15:628 [ba4906c3][HTTP] --> POST /session/ba4906c3-ce95-449e-b224-58456bf3e844/execute/sync {"script":"mobile: terminateApp","args":[{"bundleId":"com.m2p.vkyc.app","appId":"com.m2p.vkyc.app"}]}
2025-03-25 07:35:15:630 [ba4906c3][38;5;-67m[AndroidUiautomator2Driver@ddff] Calling AppiumDriver.execute() with args: ["mobile: terminateApp",[{"bundleId":"com.m2p.vkyc.app","appId":"com.m2p.vkyc.app"}],"ba4906c3-ce95-449e-b224-58456bf3e844"]
2025-03-25 07:35:15:631 [ba4906c3][BaseDriver] The following script arguments are not known and will be ignored: bundleId
2025-03-25 07:35:15:631 [ba4906c3][38;5;-67m[AndroidUiautomator2Driver@ddff] Terminating 'com.m2p.vkyc.app'
2025-03-25 07:35:15:631 [ba4906c3][ADB] Getting IDs of all 'com.m2p.vkyc.app' processes
2025-03-25 07:35:15:631 [ba4906c3][ADB] Running '/Users/noushadpathan/Library/Android/sdk/platform-tools/adb -P 5037 -s emulator-5554 shell 'pgrep --help; echo $?''
2025-03-25 07:35:15:661 [ba4906c3][ADB] Running '/Users/noushadpathan/Library/Android/sdk/platform-tools/adb -P 5037 -s emulator-5554 shell pgrep -f \(\[\[:blank:\]\]\|\^\)com\.m2p\.vkyc\.app\(:\[a-zA-Z0-9_-\]\+\)\?\(\[\[:blank:\]\]\|\$\)'
2025-03-25 07:35:15:686 [ba4906c3][ADB] Running '/Users/noushadpathan/Library/Android/sdk/platform-tools/adb -P 5037 -s emulator-5554 shell am force-stop com.m2p.vkyc.app'
2025-03-25 07:35:15:737 [ba4906c3][38;5;-67m[AndroidUiautomator2Driver@ddff] Querying the state of 'com.m2p.vkyc.app'
2025-03-25 07:35:15:737 [ba4906c3][ADB] Getting install status for com.m2p.vkyc.app
2025-03-25 07:35:15:737 [ba4906c3][ADB] Running '/Users/noushadpathan/Library/Android/sdk/platform-tools/adb -P 5037 -s emulator-5554 shell cmd package list packages'
2025-03-25 07:35:15:773 [ba4906c3][ADB] 'com.m2p.vkyc.app' is installed
2025-03-25 07:35:15:773 [ba4906c3][ADB] Getting IDs of all 'com.m2p.vkyc.app' processes
2025-03-25 07:35:15:773 [ba4906c3][ADB] Running '/Users/noushadpathan/Library/Android/sdk/platform-tools/adb -P 5037 -s emulator-5554 shell pgrep -f \(\[\[:blank:\]\]\|\^\)com\.m2p\.vkyc\.app\(:\[a-zA-Z0-9_-\]\+\)\?\(\[\[:blank:\]\]\|\$\)'
2025-03-25 07:35:15:801 [ba4906c3][38;5;-67m[AndroidUiautomator2Driver@ddff] 'com.m2p.vkyc.app' has been successfully terminated
2025-03-25 07:35:15:801 [ba4906c3][38;5;-67m[AndroidUiautomator2Driver@ddff] Responding to client with driver.execute() result: true
2025-03-25 07:35:15:802 [ba4906c3][HTTP] <-- POST /session/ba4906c3-ce95-449e-b224-58456bf3e844/execute/sync 200 174 ms - 14 
2025-03-25 07:35:15:805 [ba4906c3][HTTP] --> POST /session/ba4906c3-ce95-449e-b224-58456bf3e844/execute/sync {"script":"mobile: activateApp","args":[{"bundleId":"com.m2p.vkyc.app","appId":"com.m2p.vkyc.app"}]}
2025-03-25 07:35:15:807 [ba4906c3][38;5;-67m[AndroidUiautomator2Driver@ddff] Calling AppiumDriver.execute() with args: ["mobile: activateApp",[{"bundleId":"com.m2p.vkyc.app","appId":"com.m2p.vkyc.app"}],"ba4906c3-ce95-449e-b224-58456bf3e844"]
2025-03-25 07:35:15:807 [ba4906c3][BaseDriver] The following script arguments are not known and will be ignored: bundleId
2025-03-25 07:35:15:807 [ba4906c3][ADB] Activating 'com.m2p.vkyc.app'
2025-03-25 07:35:15:807 [ba4906c3][ADB] Running '/Users/noushadpathan/Library/Android/sdk/platform-tools/adb -P 5037 -s emulator-5554 shell cmd package resolve-activity --brief com.m2p.vkyc.app'
2025-03-25 07:35:15:833 [ba4906c3][ADB] Running '/Users/noushadpathan/Library/Android/sdk/platform-tools/adb -P 5037 -s emulator-5554 shell am start-activity -a android.intent.action.MAIN -c android.intent.category.LAUNCHER -f 0x10200000 -n com.m2p.vkyc.app/.MainActivity'
2025-03-25 07:35:15:869 [ba4906c3][ADB] Starting: Intent { act=android.intent.action.MAIN cat=[android.intent.category.LAUNCHER] flg=0x10200000 cmp=com.m2p.vkyc.app/.MainActivity }
2025-03-25 07:35:15:869 [ba4906c3][38;5;-67m[AndroidUiautomator2Driver@ddff] Responding to client with driver.execute() result: null
2025-03-25 07:35:15:869 [ba4906c3][HTTP] <-- POST /session/ba4906c3-ce95-449e-b224-58456bf3e844/execute/sync 200 64 ms - 14 
2025-03-25 07:35:21:144 [ba4906c3][HTTP] --> POST /session/ba4906c3-ce95-449e-b224-58456bf3e844/timeouts {"implicit":10000}
2025-03-25 07:35:21:145 [ba4906c3][38;5;-67m[AndroidUiautomator2Driver@ddff] Calling AppiumDriver.timeouts() with args: [null,null,null,null,10000,"ba4906c3-ce95-449e-b224-58456bf3e844"]
2025-03-25 07:35:21:146 [ba4906c3][38;5;-67m[AndroidUiautomator2Driver@ddff] W3C timeout argument: {"implicit":10000}}
2025-03-25 07:35:21:146 [ba4906c3][38;5;-67m[AndroidUiautomator2Driver@ddff] Set implicit wait to 10000ms
2025-03-25 07:35:21:146 [ba4906c3][38;5;-67m[AndroidUiautomator2Driver@ddff] Responding to client with driver.timeouts() result: null
2025-03-25 07:35:21:146 [ba4906c3][HTTP] <-- POST /session/ba4906c3-ce95-449e-b224-58456bf3e844/timeouts 200 3 ms - 14 
2025-03-25 07:35:21:152 [ba4906c3][HTTP] --> GET /session/ba4906c3-ce95-449e-b224-58456bf3e844/context {}
2025-03-25 07:35:21:152 [ba4906c3][38;5;-67m[AndroidUiautomator2Driver@ddff] Calling AppiumDriver.getCurrentContext() with args: ["ba4906c3-ce95-449e-b224-58456bf3e844"]
2025-03-25 07:35:21:152 [ba4906c3][38;5;-67m[AndroidUiautomator2Driver@ddff] Responding to client with driver.getCurrentContext() result: "NATIVE_APP"
2025-03-25 07:35:21:153 [ba4906c3][HTTP] <-- GET /session/ba4906c3-ce95-449e-b224-58456bf3e844/context 200 1 ms - 22 
2025-03-25 07:35:21:157 [ba4906c3][HTTP] --> POST /session/ba4906c3-ce95-449e-b224-58456bf3e844/element {"using":"xpath","value":"//android.widget.EditText"}
2025-03-25 07:35:21:157 [ba4906c3][38;5;-67m[AndroidUiautomator2Driver@ddff] Calling AppiumDriver.findElement() with args: ["xpath","//android.widget.EditText","ba4906c3-ce95-449e-b224-58456bf3e844"]
2025-03-25 07:35:21:158 [ba4906c3][38;5;-67m[AndroidUiautomator2Driver@ddff] Valid locator strategies for this request: xpath, id, class name, accessibility id, css selector, -android uiautomator
2025-03-25 07:35:21:158 [ba4906c3][38;5;-67m[AndroidUiautomator2Driver@ddff] Waiting up to 10000 ms for condition
2025-03-25 07:35:21:159 [ba4906c3][38;5;-67m[AndroidUiautomator2Driver@ddff] Matched '/element' to command name 'findElement'
2025-03-25 07:35:21:159 [ba4906c3][38;5;-67m[AndroidUiautomator2Driver@ddff] Proxying [POST /element] to [POST http://127.0.0.1:8200/session/a1e20be8-d51a-4085-b757-02952ffbc9e1/element] with body: {"strategy":"xpath","selector":"//android.widget.EditText","context":"","multiple":false}
2025-03-25 07:35:21:415 [ba4906c3][38;5;-67m[AndroidUiautomator2Driver@ddff] Got response with status 200: {"sessionId":"a1e20be8-d51a-4085-b757-02952ffbc9e1","value":{"ELEMENT":"00000000-0000-000c-0000-000b00000004","element-6066-11e4-a52e-4f735466cecf":"00000000-0000-000c-0000-000b00000004"}}
2025-03-25 07:35:21:416 [ba4906c3][38;5;-67m[AndroidUiautomator2Driver@ddff] Responding to client with driver.findElement() result: {"element-6066-11e4-a52e-4f735466cecf":"00000000-0000-000c-0000-000b00000004","ELEMENT":"00000000-0000-000c-0000-000b00000004"}
2025-03-25 07:35:21:419 [ba4906c3][HTTP] <-- POST /session/ba4906c3-ce95-449e-b224-58456bf3e844/element 200 261 ms - 137 
2025-03-25 07:35:21:423 [ba4906c3][HTTP] --> GET /session/ba4906c3-ce95-449e-b224-58456bf3e844/element/00000000-0000-000c-0000-000b00000004/displayed {}
2025-03-25 07:35:21:425 [ba4906c3][38;5;-67m[AndroidUiautomator2Driver@ddff] Calling AppiumDriver.elementDisplayed() with args: ["00000000-0000-000c-0000-000b00000004","ba4906c3-ce95-449e-b224-58456bf3e844"]
2025-03-25 07:35:21:427 [ba4906c3][38;5;-67m[AndroidUiautomator2Driver@ddff] Matched '/element/00000000-0000-000c-0000-000b00000004/attribute/displayed' to command name 'getAttribute'
2025-03-25 07:35:21:427 [ba4906c3][38;5;-67m[AndroidUiautomator2Driver@ddff] Proxying [GET /element/00000000-0000-000c-0000-000b00000004/attribute/displayed] to [GET http://127.0.0.1:8200/session/a1e20be8-d51a-4085-b757-02952ffbc9e1/element/00000000-0000-000c-0000-000b00000004/attribute/displayed] with no body
2025-03-25 07:35:21:976 [ba4906c3][38;5;-67m[AndroidUiautomator2Driver@ddff] Got response with status 200: {"sessionId":"a1e20be8-d51a-4085-b757-02952ffbc9e1","value":"true"}
2025-03-25 07:35:21:978 [ba4906c3][38;5;-67m[AndroidUiautomator2Driver@ddff] Responding to client with driver.elementDisplayed() result: true
2025-03-25 07:35:21:978 [ba4906c3][HTTP] <-- GET /session/ba4906c3-ce95-449e-b224-58456bf3e844/element/00000000-0000-000c-0000-000b00000004/displayed 200 555 ms - 14 
2025-03-25 07:35:21:984 [ba4906c3][HTTP] --> GET /session/ba4906c3-ce95-449e-b224-58456bf3e844/context {}
2025-03-25 07:35:21:984 [ba4906c3][38;5;-67m[AndroidUiautomator2Driver@ddff] Calling AppiumDriver.getCurrentContext() with args: ["ba4906c3-ce95-449e-b224-58456bf3e844"]
2025-03-25 07:35:21:985 [ba4906c3][38;5;-67m[AndroidUiautomator2Driver@ddff] Responding to client with driver.getCurrentContext() result: "NATIVE_APP"
2025-03-25 07:35:21:986 [ba4906c3][HTTP] <-- GET /session/ba4906c3-ce95-449e-b224-58456bf3e844/context 200 2 ms - 22 
2025-03-25 07:35:21:989 [ba4906c3][HTTP] --> POST /session/ba4906c3-ce95-449e-b224-58456bf3e844/element {"using":"xpath","value":"//android.widget.EditText"}
2025-03-25 07:35:21:990 [ba4906c3][38;5;-67m[AndroidUiautomator2Driver@ddff] Calling AppiumDriver.findElement() with args: ["xpath","//android.widget.EditText","ba4906c3-ce95-449e-b224-58456bf3e844"]
2025-03-25 07:35:21:990 [ba4906c3][38;5;-67m[AndroidUiautomator2Driver@ddff] Valid locator strategies for this request: xpath, id, class name, accessibility id, css selector, -android uiautomator
2025-03-25 07:35:21:990 [ba4906c3][38;5;-67m[AndroidUiautomator2Driver@ddff] Waiting up to 10000 ms for condition
2025-03-25 07:35:21:991 [ba4906c3][38;5;-67m[AndroidUiautomator2Driver@ddff] Matched '/element' to command name 'findElement'
2025-03-25 07:35:21:991 [ba4906c3][38;5;-67m[AndroidUiautomator2Driver@ddff] Proxying [POST /element] to [POST http://127.0.0.1:8200/session/a1e20be8-d51a-4085-b757-02952ffbc9e1/element] with body: {"strategy":"xpath","selector":"//android.widget.EditText","context":"","multiple":false}
2025-03-25 07:35:22:023 [ba4906c3][38;5;-67m[AndroidUiautomator2Driver@ddff] Got response with status 200: {"sessionId":"a1e20be8-d51a-4085-b757-02952ffbc9e1","value":{"ELEMENT":"00000000-0000-000c-0000-000b00000004","element-6066-11e4-a52e-4f735466cecf":"00000000-0000-000c-0000-000b00000004"}}
2025-03-25 07:35:22:024 [ba4906c3][38;5;-67m[AndroidUiautomator2Driver@ddff] Responding to client with driver.findElement() result: {"element-6066-11e4-a52e-4f735466cecf":"00000000-0000-000c-0000-000b00000004","ELEMENT":"00000000-0000-000c-0000-000b00000004"}
2025-03-25 07:35:22:025 [ba4906c3][HTTP] <-- POST /session/ba4906c3-ce95-449e-b224-58456bf3e844/element 200 35 ms - 137 
2025-03-25 07:35:22:031 [ba4906c3][HTTP] --> POST /session/ba4906c3-ce95-449e-b224-58456bf3e844/element/00000000-0000-000c-0000-000b00000004/click {"id":"00000000-0000-000c-0000-000b00000004"}
2025-03-25 07:35:22:032 [ba4906c3][38;5;-67m[AndroidUiautomator2Driver@ddff] Calling AppiumDriver.click() with args: ["00000000-0000-000c-0000-000b00000004","ba4906c3-ce95-449e-b224-58456bf3e844"]
2025-03-25 07:35:22:033 [ba4906c3][38;5;-67m[AndroidUiautomator2Driver@ddff] Matched '/element/00000000-0000-000c-0000-000b00000004/click' to command name 'click'
2025-03-25 07:35:22:033 [ba4906c3][38;5;-67m[AndroidUiautomator2Driver@ddff] Proxying [POST /element/00000000-0000-000c-0000-000b00000004/click] to [POST http://127.0.0.1:8200/session/a1e20be8-d51a-4085-b757-02952ffbc9e1/element/00000000-0000-000c-0000-000b00000004/click] with body: {"element":"00000000-0000-000c-0000-000b00000004"}
2025-03-25 07:35:22:115 [ba4906c3][38;5;-67m[AndroidUiautomator2Driver@ddff] Got response with status 200: {"sessionId":"a1e20be8-d51a-4085-b757-02952ffbc9e1","value":null}
2025-03-25 07:35:22:116 [ba4906c3][38;5;-67m[AndroidUiautomator2Driver@ddff] Responding to client with driver.click() result: null
2025-03-25 07:35:22:117 [ba4906c3][HTTP] <-- POST /session/ba4906c3-ce95-449e-b224-58456bf3e844/element/00000000-0000-000c-0000-000b00000004/click 200 85 ms - 14 
2025-03-25 07:35:22:120 [ba4906c3][HTTP] --> GET /session/ba4906c3-ce95-449e-b224-58456bf3e844/context {}
2025-03-25 07:35:22:121 [ba4906c3][38;5;-67m[AndroidUiautomator2Driver@ddff] Calling AppiumDriver.getCurrentContext() with args: ["ba4906c3-ce95-449e-b224-58456bf3e844"]
2025-03-25 07:35:22:121 [ba4906c3][38;5;-67m[AndroidUiautomator2Driver@ddff] Responding to client with driver.getCurrentContext() result: "NATIVE_APP"
2025-03-25 07:35:22:121 [ba4906c3][HTTP] <-- GET /session/ba4906c3-ce95-449e-b224-58456bf3e844/context 200 1 ms - 22 
2025-03-25 07:35:22:125 [ba4906c3][HTTP] --> POST /session/ba4906c3-ce95-449e-b224-58456bf3e844/element {"using":"xpath","value":"//android.widget.EditText"}
2025-03-25 07:35:22:125 [ba4906c3][38;5;-67m[AndroidUiautomator2Driver@ddff] Calling AppiumDriver.findElement() with args: ["xpath","//android.widget.EditText","ba4906c3-ce95-449e-b224-58456bf3e844"]
2025-03-25 07:35:22:125 [ba4906c3][38;5;-67m[AndroidUiautomator2Driver@ddff] Valid locator strategies for this request: xpath, id, class name, accessibility id, css selector, -android uiautomator
2025-03-25 07:35:22:125 [ba4906c3][38;5;-67m[AndroidUiautomator2Driver@ddff] Waiting up to 10000 ms for condition
2025-03-25 07:35:22:126 [ba4906c3][38;5;-67m[AndroidUiautomator2Driver@ddff] Matched '/element' to command name 'findElement'
2025-03-25 07:35:22:126 [ba4906c3][38;5;-67m[AndroidUiautomator2Driver@ddff] Proxying [POST /element] to [POST http://127.0.0.1:8200/session/a1e20be8-d51a-4085-b757-02952ffbc9e1/element] with body: {"strategy":"xpath","selector":"//android.widget.EditText","context":"","multiple":false}
2025-03-25 07:35:22:726 [ba4906c3][38;5;-67m[AndroidUiautomator2Driver@ddff] Got response with status 200: {"sessionId":"a1e20be8-d51a-4085-b757-02952ffbc9e1","value":{"ELEMENT":"00000000-0000-000c-0000-000b00000004","element-6066-11e4-a52e-4f735466cecf":"00000000-0000-000c-0000-000b00000004"}}
2025-03-25 07:35:22:726 [ba4906c3][38;5;-67m[AndroidUiautomator2Driver@ddff] Responding to client with driver.findElement() result: {"element-6066-11e4-a52e-4f735466cecf":"00000000-0000-000c-0000-000b00000004","ELEMENT":"00000000-0000-000c-0000-000b00000004"}
2025-03-25 07:35:22:727 [ba4906c3][HTTP] <-- POST /session/ba4906c3-ce95-449e-b224-58456bf3e844/element 200 602 ms - 137 
2025-03-25 07:35:22:732 [ba4906c3][HTTP] --> GET /session/ba4906c3-ce95-449e-b224-58456bf3e844/element/00000000-0000-000c-0000-000b00000004/displayed {}
2025-03-25 07:35:22:733 [ba4906c3][38;5;-67m[AndroidUiautomator2Driver@ddff] Calling AppiumDriver.elementDisplayed() with args: ["00000000-0000-000c-0000-000b00000004","ba4906c3-ce95-449e-b224-58456bf3e844"]
2025-03-25 07:35:22:734 [ba4906c3][38;5;-67m[AndroidUiautomator2Driver@ddff] Matched '/element/00000000-0000-000c-0000-000b00000004/attribute/displayed' to command name 'getAttribute'
2025-03-25 07:35:22:734 [ba4906c3][38;5;-67m[AndroidUiautomator2Driver@ddff] Proxying [GET /element/00000000-0000-000c-0000-000b00000004/attribute/displayed] to [GET http://127.0.0.1:8200/session/a1e20be8-d51a-4085-b757-02952ffbc9e1/element/00000000-0000-000c-0000-000b00000004/attribute/displayed] with no body
2025-03-25 07:35:22:738 [ba4906c3][38;5;-67m[AndroidUiautomator2Driver@ddff] Got response with status 200: {"sessionId":"a1e20be8-d51a-4085-b757-02952ffbc9e1","value":"true"}
2025-03-25 07:35:22:739 [ba4906c3][38;5;-67m[AndroidUiautomator2Driver@ddff] Responding to client with driver.elementDisplayed() result: true
2025-03-25 07:35:22:739 [ba4906c3][HTTP] <-- GET /session/ba4906c3-ce95-449e-b224-58456bf3e844/element/00000000-0000-000c-0000-000b00000004/displayed 200 7 ms - 14 
2025-03-25 07:35:22:743 [ba4906c3][HTTP] --> GET /session/ba4906c3-ce95-449e-b224-58456bf3e844/context {}
2025-03-25 07:35:22:744 [ba4906c3][38;5;-67m[AndroidUiautomator2Driver@ddff] Calling AppiumDriver.getCurrentContext() with args: ["ba4906c3-ce95-449e-b224-58456bf3e844"]
2025-03-25 07:35:22:744 [ba4906c3][38;5;-67m[AndroidUiautomator2Driver@ddff] Responding to client with driver.getCurrentContext() result: "NATIVE_APP"
2025-03-25 07:35:22:745 [ba4906c3][HTTP] <-- GET /session/ba4906c3-ce95-449e-b224-58456bf3e844/context 200 1 ms - 22 
2025-03-25 07:35:22:748 [ba4906c3][HTTP] --> POST /session/ba4906c3-ce95-449e-b224-58456bf3e844/element {"using":"xpath","value":"//android.widget.EditText"}
2025-03-25 07:35:22:748 [ba4906c3][38;5;-67m[AndroidUiautomator2Driver@ddff] Calling AppiumDriver.findElement() with args: ["xpath","//android.widget.EditText","ba4906c3-ce95-449e-b224-58456bf3e844"]
2025-03-25 07:35:22:748 [ba4906c3][38;5;-67m[AndroidUiautomator2Driver@ddff] Valid locator strategies for this request: xpath, id, class name, accessibility id, css selector, -android uiautomator
2025-03-25 07:35:22:748 [ba4906c3][38;5;-67m[AndroidUiautomator2Driver@ddff] Waiting up to 10000 ms for condition
2025-03-25 07:35:22:749 [ba4906c3][38;5;-67m[AndroidUiautomator2Driver@ddff] Matched '/element' to command name 'findElement'
2025-03-25 07:35:22:749 [ba4906c3][38;5;-67m[AndroidUiautomator2Driver@ddff] Proxying [POST /element] to [POST http://127.0.0.1:8200/session/a1e20be8-d51a-4085-b757-02952ffbc9e1/element] with body: {"strategy":"xpath","selector":"//android.widget.EditText","context":"","multiple":false}
2025-03-25 07:35:22:759 [ba4906c3][38;5;-67m[AndroidUiautomator2Driver@ddff] Got response with status 200: {"sessionId":"a1e20be8-d51a-4085-b757-02952ffbc9e1","value":{"ELEMENT":"00000000-0000-000c-0000-000b00000004","element-6066-11e4-a52e-4f735466cecf":"00000000-0000-000c-0000-000b00000004"}}
2025-03-25 07:35:22:759 [ba4906c3][38;5;-67m[AndroidUiautomator2Driver@ddff] Responding to client with driver.findElement() result: {"element-6066-11e4-a52e-4f735466cecf":"00000000-0000-000c-0000-000b00000004","ELEMENT":"00000000-0000-000c-0000-000b00000004"}
2025-03-25 07:35:22:759 [ba4906c3][HTTP] <-- POST /session/ba4906c3-ce95-449e-b224-58456bf3e844/element 200 11 ms - 137 
2025-03-25 07:35:22:762 [ba4906c3][HTTP] --> POST /session/ba4906c3-ce95-449e-b224-58456bf3e844/element/00000000-0000-000c-0000-000b00000004/clear {"id":"00000000-0000-000c-0000-000b00000004"}
2025-03-25 07:35:22:763 [ba4906c3][38;5;-67m[AndroidUiautomator2Driver@ddff] Calling AppiumDriver.clear() with args: ["00000000-0000-000c-0000-000b00000004","ba4906c3-ce95-449e-b224-58456bf3e844"]
2025-03-25 07:35:22:763 [ba4906c3][38;5;-67m[AndroidUiautomator2Driver@ddff] Matched '/element/00000000-0000-000c-0000-000b00000004/clear' to command name 'clear'
2025-03-25 07:35:22:763 [ba4906c3][38;5;-67m[AndroidUiautomator2Driver@ddff] Proxying [POST /element/00000000-0000-000c-0000-000b00000004/clear] to [POST http://127.0.0.1:8200/session/a1e20be8-d51a-4085-b757-02952ffbc9e1/element/00000000-0000-000c-0000-000b00000004/clear] with body: {"elementId":"00000000-0000-000c-0000-000b00000004"}
2025-03-25 07:35:22:768 [ba4906c3][38;5;-67m[AndroidUiautomator2Driver@ddff] Got response with status 200: {"sessionId":"a1e20be8-d51a-4085-b757-02952ffbc9e1","value":null}
2025-03-25 07:35:22:768 [ba4906c3][38;5;-67m[AndroidUiautomator2Driver@ddff] Responding to client with driver.clear() result: null
2025-03-25 07:35:22:768 [ba4906c3][HTTP] <-- POST /session/ba4906c3-ce95-449e-b224-58456bf3e844/element/00000000-0000-000c-0000-000b00000004/clear 200 6 ms - 14 
2025-03-25 07:35:22:770 [ba4906c3][HTTP] --> GET /session/ba4906c3-ce95-449e-b224-58456bf3e844/context {}
2025-03-25 07:35:22:770 [ba4906c3][38;5;-67m[AndroidUiautomator2Driver@ddff] Calling AppiumDriver.getCurrentContext() with args: ["ba4906c3-ce95-449e-b224-58456bf3e844"]
2025-03-25 07:35:22:770 [ba4906c3][38;5;-67m[AndroidUiautomator2Driver@ddff] Responding to client with driver.getCurrentContext() result: "NATIVE_APP"
2025-03-25 07:35:22:770 [ba4906c3][HTTP] <-- GET /session/ba4906c3-ce95-449e-b224-58456bf3e844/context 200 0 ms - 22 
2025-03-25 07:35:22:771 [ba4906c3][HTTP] --> POST /session/ba4906c3-ce95-449e-b224-58456bf3e844/element {"using":"xpath","value":"//android.widget.EditText"}
2025-03-25 07:35:22:771 [ba4906c3][38;5;-67m[AndroidUiautomator2Driver@ddff] Calling AppiumDriver.findElement() with args: ["xpath","//android.widget.EditText","ba4906c3-ce95-449e-b224-58456bf3e844"]
2025-03-25 07:35:22:771 [ba4906c3][38;5;-67m[AndroidUiautomator2Driver@ddff] Valid locator strategies for this request: xpath, id, class name, accessibility id, css selector, -android uiautomator
2025-03-25 07:35:22:771 [ba4906c3][38;5;-67m[AndroidUiautomator2Driver@ddff] Waiting up to 10000 ms for condition
2025-03-25 07:35:22:772 [ba4906c3][38;5;-67m[AndroidUiautomator2Driver@ddff] Matched '/element' to command name 'findElement'
2025-03-25 07:35:22:772 [ba4906c3][38;5;-67m[AndroidUiautomator2Driver@ddff] Proxying [POST /element] to [POST http://127.0.0.1:8200/session/a1e20be8-d51a-4085-b757-02952ffbc9e1/element] with body: {"strategy":"xpath","selector":"//android.widget.EditText","context":"","multiple":false}
2025-03-25 07:35:22:800 [ba4906c3][38;5;-67m[AndroidUiautomator2Driver@ddff] Got response with status 200: {"sessionId":"a1e20be8-d51a-4085-b757-02952ffbc9e1","value":{"ELEMENT":"00000000-0000-000c-0000-000b00000004","element-6066-11e4-a52e-4f735466cecf":"00000000-0000-000c-0000-000b00000004"}}
2025-03-25 07:35:22:800 [ba4906c3][38;5;-67m[AndroidUiautomator2Driver@ddff] Responding to client with driver.findElement() result: {"element-6066-11e4-a52e-4f735466cecf":"00000000-0000-000c-0000-000b00000004","ELEMENT":"00000000-0000-000c-0000-000b00000004"}
2025-03-25 07:35:22:800 [ba4906c3][HTTP] <-- POST /session/ba4906c3-ce95-449e-b224-58456bf3e844/element 200 29 ms - 137 
2025-03-25 07:35:22:802 [ba4906c3][HTTP] --> GET /session/ba4906c3-ce95-449e-b224-58456bf3e844/element/00000000-0000-000c-0000-000b00000004/displayed {}
2025-03-25 07:35:22:803 [ba4906c3][38;5;-67m[AndroidUiautomator2Driver@ddff] Calling AppiumDriver.elementDisplayed() with args: ["00000000-0000-000c-0000-000b00000004","ba4906c3-ce95-449e-b224-58456bf3e844"]
2025-03-25 07:35:22:803 [ba4906c3][38;5;-67m[AndroidUiautomator2Driver@ddff] Matched '/element/00000000-0000-000c-0000-000b00000004/attribute/displayed' to command name 'getAttribute'
2025-03-25 07:35:22:803 [ba4906c3][38;5;-67m[AndroidUiautomator2Driver@ddff] Proxying [GET /element/00000000-0000-000c-0000-000b00000004/attribute/displayed] to [GET http://127.0.0.1:8200/session/a1e20be8-d51a-4085-b757-02952ffbc9e1/element/00000000-0000-000c-0000-000b00000004/attribute/displayed] with no body
2025-03-25 07:35:22:809 [ba4906c3][38;5;-67m[AndroidUiautomator2Driver@ddff] Got response with status 200: {"sessionId":"a1e20be8-d51a-4085-b757-02952ffbc9e1","value":"true"}
2025-03-25 07:35:22:810 [ba4906c3][38;5;-67m[AndroidUiautomator2Driver@ddff] Responding to client with driver.elementDisplayed() result: true
2025-03-25 07:35:22:810 [ba4906c3][HTTP] <-- GET /session/ba4906c3-ce95-449e-b224-58456bf3e844/element/00000000-0000-000c-0000-000b00000004/displayed 200 8 ms - 14 
2025-03-25 07:35:22:812 [ba4906c3][HTTP] --> GET /session/ba4906c3-ce95-449e-b224-58456bf3e844/context {}
2025-03-25 07:35:22:812 [ba4906c3][38;5;-67m[AndroidUiautomator2Driver@ddff] Calling AppiumDriver.getCurrentContext() with args: ["ba4906c3-ce95-449e-b224-58456bf3e844"]
2025-03-25 07:35:22:813 [ba4906c3][38;5;-67m[AndroidUiautomator2Driver@ddff] Responding to client with driver.getCurrentContext() result: "NATIVE_APP"
2025-03-25 07:35:22:813 [ba4906c3][HTTP] <-- GET /session/ba4906c3-ce95-449e-b224-58456bf3e844/context 200 1 ms - 22 
2025-03-25 07:35:22:816 [ba4906c3][HTTP] --> POST /session/ba4906c3-ce95-449e-b224-58456bf3e844/element {"using":"xpath","value":"//android.widget.EditText"}
2025-03-25 07:35:22:816 [ba4906c3][38;5;-67m[AndroidUiautomator2Driver@ddff] Calling AppiumDriver.findElement() with args: ["xpath","//android.widget.EditText","ba4906c3-ce95-449e-b224-58456bf3e844"]
2025-03-25 07:35:22:816 [ba4906c3][38;5;-67m[AndroidUiautomator2Driver@ddff] Valid locator strategies for this request: xpath, id, class name, accessibility id, css selector, -android uiautomator
2025-03-25 07:35:22:816 [ba4906c3][38;5;-67m[AndroidUiautomator2Driver@ddff] Waiting up to 10000 ms for condition
2025-03-25 07:35:22:817 [ba4906c3][38;5;-67m[AndroidUiautomator2Driver@ddff] Matched '/element' to command name 'findElement'
2025-03-25 07:35:22:817 [ba4906c3][38;5;-67m[AndroidUiautomator2Driver@ddff] Proxying [POST /element] to [POST http://127.0.0.1:8200/session/a1e20be8-d51a-4085-b757-02952ffbc9e1/element] with body: {"strategy":"xpath","selector":"//android.widget.EditText","context":"","multiple":false}
2025-03-25 07:35:23:329 [ba4906c3][38;5;-67m[AndroidUiautomator2Driver@ddff] Got response with status 200: {"sessionId":"a1e20be8-d51a-4085-b757-02952ffbc9e1","value":{"ELEMENT":"00000000-0000-000c-0000-000b00000004","element-6066-11e4-a52e-4f735466cecf":"00000000-0000-000c-0000-000b00000004"}}
2025-03-25 07:35:23:330 [ba4906c3][38;5;-67m[AndroidUiautomator2Driver@ddff] Responding to client with driver.findElement() result: {"element-6066-11e4-a52e-4f735466cecf":"00000000-0000-000c-0000-000b00000004","ELEMENT":"00000000-0000-000c-0000-000b00000004"}
2025-03-25 07:35:23:331 [ba4906c3][HTTP] <-- POST /session/ba4906c3-ce95-449e-b224-58456bf3e844/element 200 515 ms - 137 
2025-03-25 07:35:23:341 [ba4906c3][HTTP] --> POST /session/ba4906c3-ce95-449e-b224-58456bf3e844/element/00000000-0000-000c-0000-000b00000004/value {"id":"00000000-0000-000c-0000-000b00000004","text":"JkLHqPwcDXuPVs","value":["J","k","L","H","q","P","w","c","D","X","u","P","V","s"]}
2025-03-25 07:35:23:342 [ba4906c3][38;5;-67m[AndroidUiautomator2Driver@ddff] Calling AppiumDriver.setValue() with args: [["J","k","L","H","q","P","w","c","D","X","u","P","V","s"],"00000000-0000-000c-0000-000b00000004","ba4906c3-ce95-449e-b224-58456bf3e844"]
2025-03-25 07:35:23:343 [ba4906c3][38;5;-67m[AndroidUiautomator2Driver@ddff] Matched '/element/00000000-0000-000c-0000-000b00000004/value' to command name 'setValue'
2025-03-25 07:35:23:344 [ba4906c3][38;5;-67m[AndroidUiautomator2Driver@ddff] Added 'value' property ["J","k","L","H","q","P","w","c","D","X","u","P","V","s"] to 'setValue' request body
2025-03-25 07:35:23:344 [ba4906c3][38;5;-67m[AndroidUiautomator2Driver@ddff] Proxying [POST /element/00000000-0000-000c-0000-000b00000004/value] to [POST http://127.0.0.1:8200/session/a1e20be8-d51a-4085-b757-02952ffbc9e1/element/00000000-0000-000c-0000-000b00000004/value] with body: {"elementId":"00000000-0000-000c-0000-000b00000004","text":"JkLHqPwcDXuPVs","replace":false,"value":["J","k","L","H","q","P","w","c","D","X","u","P","V","s"]}
2025-03-25 07:35:23:355 [ba4906c3][38;5;-67m[AndroidUiautomator2Driver@ddff] Got response with status 200: {"sessionId":"a1e20be8-d51a-4085-b757-02952ffbc9e1","value":null}
2025-03-25 07:35:23:355 [ba4906c3][38;5;-67m[AndroidUiautomator2Driver@ddff] Responding to client with driver.setValue() result: null
2025-03-25 07:35:23:355 [ba4906c3][HTTP] <-- POST /session/ba4906c3-ce95-449e-b224-58456bf3e844/element/00000000-0000-000c-0000-000b00000004/value 200 15 ms - 14 
2025-03-25 07:35:23:360 [ba4906c3][HTTP] --> GET /session/ba4906c3-ce95-449e-b224-58456bf3e844/context {}
2025-03-25 07:35:23:360 [ba4906c3][38;5;-67m[AndroidUiautomator2Driver@ddff] Calling AppiumDriver.getCurrentContext() with args: ["ba4906c3-ce95-449e-b224-58456bf3e844"]
2025-03-25 07:35:23:361 [ba4906c3][38;5;-67m[AndroidUiautomator2Driver@ddff] Responding to client with driver.getCurrentContext() result: "NATIVE_APP"
2025-03-25 07:35:23:362 [ba4906c3][HTTP] <-- GET /session/ba4906c3-ce95-449e-b224-58456bf3e844/context 200 2 ms - 22 
2025-03-25 07:35:23:364 [ba4906c3][HTTP] --> POST /session/ba4906c3-ce95-449e-b224-58456bf3e844/element {"using":"xpath","value":"//android.widget.TextView[@text=\"Invoke SDK\"]"}
2025-03-25 07:35:23:364 [ba4906c3][38;5;-67m[AndroidUiautomator2Driver@ddff] Calling AppiumDriver.findElement() with args: ["xpath","//android.widget.TextView[@text=\"Invoke SDK\"]","ba4906c3-ce95-449e-b224-58456bf3e844"]
2025-03-25 07:35:23:365 [ba4906c3][38;5;-67m[AndroidUiautomator2Driver@ddff] Valid locator strategies for this request: xpath, id, class name, accessibility id, css selector, -android uiautomator
2025-03-25 07:35:23:365 [ba4906c3][38;5;-67m[AndroidUiautomator2Driver@ddff] Waiting up to 10000 ms for condition
2025-03-25 07:35:23:366 [ba4906c3][38;5;-67m[AndroidUiautomator2Driver@ddff] Matched '/element' to command name 'findElement'
2025-03-25 07:35:23:366 [ba4906c3][38;5;-67m[AndroidUiautomator2Driver@ddff] Proxying [POST /element] to [POST http://127.0.0.1:8200/session/a1e20be8-d51a-4085-b757-02952ffbc9e1/element] with body: {"strategy":"xpath","selector":"//android.widget.TextView[@text=\"Invoke SDK\"]","context":"","multiple":false}
2025-03-25 07:35:23:385 [ba4906c3][38;5;-67m[AndroidUiautomator2Driver@ddff] Got response with status 200: {"sessionId":"a1e20be8-d51a-4085-b757-02952ffbc9e1","value":{"ELEMENT":"00000000-0000-000c-0000-001500000004","element-6066-11e4-a52e-4f735466cecf":"00000000-0000-000c-0000-001500000004"}}
2025-03-25 07:35:23:385 [ba4906c3][38;5;-67m[AndroidUiautomator2Driver@ddff] Responding to client with driver.findElement() result: {"element-6066-11e4-a52e-4f735466cecf":"00000000-0000-000c-0000-001500000004","ELEMENT":"00000000-0000-000c-0000-001500000004"}
2025-03-25 07:35:23:386 [ba4906c3][HTTP] <-- POST /session/ba4906c3-ce95-449e-b224-58456bf3e844/element 200 21 ms - 137 
2025-03-25 07:35:23:388 [ba4906c3][HTTP] --> GET /session/ba4906c3-ce95-449e-b224-58456bf3e844/element/00000000-0000-000c-0000-001500000004/displayed {}
2025-03-25 07:35:23:389 [ba4906c3][38;5;-67m[AndroidUiautomator2Driver@ddff] Calling AppiumDriver.elementDisplayed() with args: ["00000000-0000-000c-0000-001500000004","ba4906c3-ce95-449e-b224-58456bf3e844"]
2025-03-25 07:35:23:390 [ba4906c3][38;5;-67m[AndroidUiautomator2Driver@ddff] Matched '/element/00000000-0000-000c-0000-001500000004/attribute/displayed' to command name 'getAttribute'
2025-03-25 07:35:23:390 [ba4906c3][38;5;-67m[AndroidUiautomator2Driver@ddff] Proxying [GET /element/00000000-0000-000c-0000-001500000004/attribute/displayed] to [GET http://127.0.0.1:8200/session/a1e20be8-d51a-4085-b757-02952ffbc9e1/element/00000000-0000-000c-0000-001500000004/attribute/displayed] with no body
2025-03-25 07:35:23:393 [ba4906c3][38;5;-67m[AndroidUiautomator2Driver@ddff] Got response with status 200: {"sessionId":"a1e20be8-d51a-4085-b757-02952ffbc9e1","value":"true"}
2025-03-25 07:35:23:393 [ba4906c3][38;5;-67m[AndroidUiautomator2Driver@ddff] Responding to client with driver.elementDisplayed() result: true
2025-03-25 07:35:23:393 [ba4906c3][HTTP] <-- GET /session/ba4906c3-ce95-449e-b224-58456bf3e844/element/00000000-0000-000c-0000-001500000004/displayed 200 5 ms - 14 
2025-03-25 07:35:23:397 [ba4906c3][HTTP] --> GET /session/ba4906c3-ce95-449e-b224-58456bf3e844/context {}
2025-03-25 07:35:23:397 [ba4906c3][38;5;-67m[AndroidUiautomator2Driver@ddff] Calling AppiumDriver.getCurrentContext() with args: ["ba4906c3-ce95-449e-b224-58456bf3e844"]
2025-03-25 07:35:23:397 [ba4906c3][38;5;-67m[AndroidUiautomator2Driver@ddff] Responding to client with driver.getCurrentContext() result: "NATIVE_APP"
2025-03-25 07:35:23:397 [ba4906c3][HTTP] <-- GET /session/ba4906c3-ce95-449e-b224-58456bf3e844/context 200 1 ms - 22 
2025-03-25 07:35:23:399 [ba4906c3][HTTP] --> POST /session/ba4906c3-ce95-449e-b224-58456bf3e844/element {"using":"xpath","value":"//android.widget.TextView[@text=\"Invoke SDK\"]"}
2025-03-25 07:35:23:399 [ba4906c3][38;5;-67m[AndroidUiautomator2Driver@ddff] Calling AppiumDriver.findElement() with args: ["xpath","//android.widget.TextView[@text=\"Invoke SDK\"]","ba4906c3-ce95-449e-b224-58456bf3e844"]
2025-03-25 07:35:23:399 [ba4906c3][38;5;-67m[AndroidUiautomator2Driver@ddff] Valid locator strategies for this request: xpath, id, class name, accessibility id, css selector, -android uiautomator
2025-03-25 07:35:23:399 [ba4906c3][38;5;-67m[AndroidUiautomator2Driver@ddff] Waiting up to 10000 ms for condition
2025-03-25 07:35:23:400 [ba4906c3][38;5;-67m[AndroidUiautomator2Driver@ddff] Matched '/element' to command name 'findElement'
2025-03-25 07:35:23:400 [ba4906c3][38;5;-67m[AndroidUiautomator2Driver@ddff] Proxying [POST /element] to [POST http://127.0.0.1:8200/session/a1e20be8-d51a-4085-b757-02952ffbc9e1/element] with body: {"strategy":"xpath","selector":"//android.widget.TextView[@text=\"Invoke SDK\"]","context":"","multiple":false}
2025-03-25 07:35:23:410 [ba4906c3][38;5;-67m[AndroidUiautomator2Driver@ddff] Got response with status 200: {"sessionId":"a1e20be8-d51a-4085-b757-02952ffbc9e1","value":{"ELEMENT":"00000000-0000-000c-0000-001500000004","element-6066-11e4-a52e-4f735466cecf":"00000000-0000-000c-0000-001500000004"}}
2025-03-25 07:35:23:410 [ba4906c3][38;5;-67m[AndroidUiautomator2Driver@ddff] Responding to client with driver.findElement() result: {"element-6066-11e4-a52e-4f735466cecf":"00000000-0000-000c-0000-001500000004","ELEMENT":"00000000-0000-000c-0000-001500000004"}
2025-03-25 07:35:23:410 [ba4906c3][HTTP] <-- POST /session/ba4906c3-ce95-449e-b224-58456bf3e844/element 200 11 ms - 137 
2025-03-25 07:35:23:411 [ba4906c3][HTTP] --> POST /session/ba4906c3-ce95-449e-b224-58456bf3e844/element/00000000-0000-000c-0000-001500000004/click {"id":"00000000-0000-000c-0000-001500000004"}
2025-03-25 07:35:23:411 [ba4906c3][38;5;-67m[AndroidUiautomator2Driver@ddff] Calling AppiumDriver.click() with args: ["00000000-0000-000c-0000-001500000004","ba4906c3-ce95-449e-b224-58456bf3e844"]
2025-03-25 07:35:23:412 [ba4906c3][38;5;-67m[AndroidUiautomator2Driver@ddff] Matched '/element/00000000-0000-000c-0000-001500000004/click' to command name 'click'
2025-03-25 07:35:23:412 [ba4906c3][38;5;-67m[AndroidUiautomator2Driver@ddff] Proxying [POST /element/00000000-0000-000c-0000-001500000004/click] to [POST http://127.0.0.1:8200/session/a1e20be8-d51a-4085-b757-02952ffbc9e1/element/00000000-0000-000c-0000-001500000004/click] with body: {"element":"00000000-0000-000c-0000-001500000004"}
2025-03-25 07:35:24:532 [ba4906c3][38;5;-67m[AndroidUiautomator2Driver@ddff] Got response with status 200: {"sessionId":"a1e20be8-d51a-4085-b757-02952ffbc9e1","value":null}
2025-03-25 07:35:24:533 [ba4906c3][38;5;-67m[AndroidUiautomator2Driver@ddff] Responding to client with driver.click() result: null
2025-03-25 07:35:24:533 [ba4906c3][HTTP] <-- POST /session/ba4906c3-ce95-449e-b224-58456bf3e844/element/00000000-0000-000c-0000-001500000004/click 200 1122 ms - 14 
2025-03-25 07:35:24:538 [ba4906c3][HTTP] --> POST /session/ba4906c3-ce95-449e-b224-58456bf3e844/timeouts {"implicit":10000}
2025-03-25 07:35:24:538 [ba4906c3][38;5;-67m[AndroidUiautomator2Driver@ddff] Calling AppiumDriver.timeouts() with args: [null,null,null,null,10000,"ba4906c3-ce95-449e-b224-58456bf3e844"]
2025-03-25 07:35:24:539 [ba4906c3][38;5;-67m[AndroidUiautomator2Driver@ddff] W3C timeout argument: {"implicit":10000}}
2025-03-25 07:35:24:539 [ba4906c3][38;5;-67m[AndroidUiautomator2Driver@ddff] Set implicit wait to 10000ms
2025-03-25 07:35:24:539 [ba4906c3][38;5;-67m[AndroidUiautomator2Driver@ddff] Responding to client with driver.timeouts() result: null
2025-03-25 07:35:24:539 [ba4906c3][HTTP] <-- POST /session/ba4906c3-ce95-449e-b224-58456bf3e844/timeouts 200 1 ms - 14 
2025-03-25 07:35:24:541 [ba4906c3][HTTP] --> POST /session/ba4906c3-ce95-449e-b224-58456bf3e844/execute/sync {"script":"mobile: terminateApp","args":[{"bundleId":"com.m2p.vkyc.app","appId":"com.m2p.vkyc.app"}]}
2025-03-25 07:35:24:542 [ba4906c3][38;5;-67m[AndroidUiautomator2Driver@ddff] Calling AppiumDriver.execute() with args: ["mobile: terminateApp",[{"bundleId":"com.m2p.vkyc.app","appId":"com.m2p.vkyc.app"}],"ba4906c3-ce95-449e-b224-58456bf3e844"]
2025-03-25 07:35:24:542 [ba4906c3][BaseDriver] The following script arguments are not known and will be ignored: bundleId
2025-03-25 07:35:24:542 [ba4906c3][38;5;-67m[AndroidUiautomator2Driver@ddff] Terminating 'com.m2p.vkyc.app'
2025-03-25 07:35:24:542 [ba4906c3][ADB] Getting IDs of all 'com.m2p.vkyc.app' processes
2025-03-25 07:35:24:542 [ba4906c3][ADB] Running '/Users/noushadpathan/Library/Android/sdk/platform-tools/adb -P 5037 -s emulator-5554 shell pgrep -f \(\[\[:blank:\]\]\|\^\)com\.m2p\.vkyc\.app\(:\[a-zA-Z0-9_-\]\+\)\?\(\[\[:blank:\]\]\|\$\)'
2025-03-25 07:35:24:573 [ba4906c3][ADB] Running '/Users/noushadpathan/Library/Android/sdk/platform-tools/adb -P 5037 -s emulator-5554 shell am force-stop com.m2p.vkyc.app'
2025-03-25 07:35:24:623 [ba4906c3][38;5;-67m[AndroidUiautomator2Driver@ddff] Querying the state of 'com.m2p.vkyc.app'
2025-03-25 07:35:24:623 [ba4906c3][ADB] Getting install status for com.m2p.vkyc.app
2025-03-25 07:35:24:623 [ba4906c3][ADB] Running '/Users/noushadpathan/Library/Android/sdk/platform-tools/adb -P 5037 -s emulator-5554 shell cmd package list packages'
2025-03-25 07:35:24:666 [ba4906c3][ADB] 'com.m2p.vkyc.app' is installed
2025-03-25 07:35:24:666 [ba4906c3][ADB] Getting IDs of all 'com.m2p.vkyc.app' processes
2025-03-25 07:35:24:666 [ba4906c3][ADB] Running '/Users/noushadpathan/Library/Android/sdk/platform-tools/adb -P 5037 -s emulator-5554 shell pgrep -f \(\[\[:blank:\]\]\|\^\)com\.m2p\.vkyc\.app\(:\[a-zA-Z0-9_-\]\+\)\?\(\[\[:blank:\]\]\|\$\)'
2025-03-25 07:35:24:709 [ba4906c3][38;5;-67m[AndroidUiautomator2Driver@ddff] 'com.m2p.vkyc.app' has been successfully terminated
2025-03-25 07:35:24:709 [ba4906c3][38;5;-67m[AndroidUiautomator2Driver@ddff] Responding to client with driver.execute() result: true
2025-03-25 07:35:24:710 [ba4906c3][HTTP] <-- POST /session/ba4906c3-ce95-449e-b224-58456bf3e844/execute/sync 200 169 ms - 14 
2025-03-25 07:35:27:738 [ba4906c3][HTTP] --> DELETE /session/ba4906c3-ce95-449e-b224-58456bf3e844 {}
2025-03-25 07:35:27:738 [ba4906c3][38;5;-67m[AndroidUiautomator2Driver@ddff] Calling AppiumDriver.deleteSession() with args: ["ba4906c3-ce95-449e-b224-58456bf3e844"]
2025-03-25 07:35:27:738 [ba4906c3][AppiumDriver@449c] Event 'quitSessionRequested' logged at 1742888127738 (13:05:27 GMT+0530 (India Standard Time))
2025-03-25 07:35:27:738 [ba4906c3][AppiumDriver@449c] Removing session ba4906c3-ce95-449e-b224-58456bf3e844 from our master session list
2025-03-25 07:35:27:739 [ba4906c3][38;5;-67m[AndroidUiautomator2Driver@ddff] Deleting UiAutomator2 session
2025-03-25 07:35:27:739 [ba4906c3][38;5;-67m[AndroidUiautomator2Driver@ddff] Deleting UiAutomator2 server session
2025-03-25 07:35:27:739 [ba4906c3][38;5;-67m[AndroidUiautomator2Driver@ddff] Matched '/' to command name 'deleteSession'
2025-03-25 07:35:27:740 [ba4906c3][38;5;-67m[AndroidUiautomator2Driver@ddff] Proxying [DELETE /] to [DELETE http://127.0.0.1:8200/session/a1e20be8-d51a-4085-b757-02952ffbc9e1] with no body
2025-03-25 07:35:27:747 [ba4906c3][38;5;-67m[AndroidUiautomator2Driver@ddff] Got response with status 200: {"sessionId":"a1e20be8-d51a-4085-b757-02952ffbc9e1","value":null}
2025-03-25 07:35:27:749 [ba4906c3][38;5;-67m[AndroidUiautomator2Driver@ddff] [Instrumentation] io.appium.uiautomator2.server.test.AppiumUiAutomator2Server:
2025-03-25 07:35:27:749 [ba4906c3][38;5;-67m[AndroidUiautomator2Driver@ddff] [Instrumentation] The process has exited with code null, signal SIGTERM
2025-03-25 07:35:27:749 [ba4906c3][ADB] Running '/Users/noushadpathan/Library/Android/sdk/platform-tools/adb -P 5037 -s emulator-5554 shell dumpsys activity services io.appium.settings/.recorder.RecorderService'
2025-03-25 07:35:27:749 [ba4906c3][ADB] Running '/Users/noushadpathan/Library/Android/sdk/platform-tools/adb -P 5037 -s emulator-5554 shell am force-stop com.m2p.vkyc.app'
2025-03-25 07:35:27:823 [ba4906c3][ADB] Removing forwarded port socket connection: 8200 
2025-03-25 07:35:27:823 [ba4906c3][ADB] Running '/Users/noushadpathan/Library/Android/sdk/platform-tools/adb -P 5037 -s emulator-5554 forward --remove tcp:8200'
2025-03-25 07:35:27:833 [ba4906c3][38;5;-67m[AndroidUiautomator2Driver@ddff] Restoring hidden api policy to the device default configuration
2025-03-25 07:35:27:833 [ba4906c3][ADB] Running '/Users/noushadpathan/Library/Android/sdk/platform-tools/adb -P 5037 -s emulator-5554 shell 'settings delete global hidden_api_policy_pre_p_apps;settings delete global hidden_api_policy_p_apps;settings delete global hidden_api_policy''
2025-03-25 07:35:27:862 [ba4906c3][Logcat] Stopping logcat capture
2025-03-25 07:35:27:863 [ba4906c3][AppiumDriver@449c] Event 'quitSessionFinished' logged at 1742888127863 (13:05:27 GMT+0530 (India Standard Time))
2025-03-25 07:35:27:863 [ba4906c3][AppiumDriver@449c] Received response: null
2025-03-25 07:35:27:863 [ba4906c3][AppiumDriver@449c] But deleting session, so not returning
2025-03-25 07:35:27:863 [ba4906c3][AppiumDriver@449c] Responding to client with driver.deleteSession() result: null
2025-03-25 07:35:27:863 [ba4906c3][HTTP] <-- DELETE /session/ba4906c3-ce95-449e-b224-58456bf3e844 200 126 ms - 14 
2025-03-25 07:35:27:868 [Appium] Received SIGTERM - shutting down
2025-03-25 07:35:27:868 [AppiumDriver@449c] There are no active sessions for cleanup
2025-03-25 07:35:27:869 uncaughtException: write EPIPE
Error: write EPIPE
    at afterWriteDispatched (node:internal/stream_base_commons:159:15)
    at writeGeneric (node:internal/stream_base_commons:150:3)
    at Socket._writeGeneric (node:net:971:11)
    at Socket._write (node:net:983:8)
    at writeOrBuffer (node:internal/streams/writable:572:12)
    at _write (node:internal/streams/writable:501:10)
    at Socket.Writable.write (node:internal/streams/writable:510:10)
    at Console.log (/Users/noushadpathan/.npm-global/lib/node_modules/appium/node_modules/winston/lib/winston/transports/console.js:87:23)
    at Console._write (/Users/noushadpathan/.npm-global/lib/node_modules/appium/node_modules/winston-transport/modern.js:103:17)
    at doWrite (/Users/noushadpathan/.npm-global/lib/node_modules/appium/node_modules/winston-transport/node_modules/readable-stream/lib/_stream_writable.js:390:139)
    at writeOrBuffer (/Users/noushadpathan/.npm-global/lib/node_modules/appium/node_modules/winston-transport/node_modules/readable-stream/lib/_stream_writable.js:381:5)
    at Console.Writable.write (/Users/noushadpathan/.npm-global/lib/node_modules/appium/node_modules/winston-transport/node_modules/readable-stream/lib/_stream_writable.js:302:11)
    at DerivedLogger.ondata (/Users/noushadpathan/.npm-global/lib/node_modules/appium/node_modules/winston/node_modules/readable-stream/lib/_stream_readable.js:629:20)
    at DerivedLogger.emit (node:events:536:35)
    at addChunk (/Users/noushadpathan/.npm-global/lib/node_modules/appium/node_modules/winston/node_modules/readable-stream/lib/_stream_readable.js:279:12)
    at readableAddChunk (/Users/noushadpathan/.npm-global/lib/node_modules/appium/node_modules/winston/node_modules/readable-stream/lib/_stream_readable.js:262:11)
    at DerivedLogger.Readable.push (/Users/noushadpathan/.npm-global/lib/node_modules/appium/node_modules/winston/node_modules/readable-stream/lib/_stream_readable.js:228:10)
    at DerivedLogger.Transform.push (/Users/noushadpathan/.npm-global/lib/node_modules/appium/node_modules/winston/node_modules/readable-stream/lib/_stream_transform.js:132:32)
    at DerivedLogger._transform (/Users/noushadpathan/.npm-global/lib/node_modules/appium/node_modules/winston/lib/winston/logger.js:314:12)
    at DerivedLogger.Transform._read (/Users/noushadpathan/.npm-global/lib/node_modules/appium/node_modules/winston/node_modules/readable-stream/lib/_stream_transform.js:166:10)
    at DerivedLogger.Transform._write (/Users/noushadpathan/.npm-global/lib/node_modules/appium/node_modules/winston/node_modules/readable-stream/lib/_stream_transform.js:155:83)
    at doWrite (/Users/noushadpathan/.npm-global/lib/node_modules/appium/node_modules/winston/node_modules/readable-stream/lib/_stream_writable.js:390:139)
2025-03-25 07:35:27:869 uncaughtException: write EPIPE
Error: write EPIPE
    at afterWriteDispatched (node:internal/stream_base_commons:159:15)
    at writeGeneric (node:internal/stream_base_commons:150:3)
    at Socket._writeGeneric (node:net:971:11)
    at Socket._write (node:net:983:8)
    at writeOrBuffer (node:internal/streams/writable:572:12)
    at _write (node:internal/streams/writable:501:10)
    at Socket.Writable.write (node:internal/streams/writable:510:10)
    at Console.log (/Users/noushadpathan/.npm-global/lib/node_modules/appium/node_modules/winston/lib/winston/transports/console.js:59:25)
    at Console._write (/Users/noushadpathan/.npm-global/lib/node_modules/appium/node_modules/winston-transport/modern.js:103:17)
    at doWrite (/Users/noushadpathan/.npm-global/lib/node_modules/appium/node_modules/winston-transport/node_modules/readable-stream/lib/_stream_writable.js:390:139)
    at writeOrBuffer (/Users/noushadpathan/.npm-global/lib/node_modules/appium/node_modules/winston-transport/node_modules/readable-stream/lib/_stream_writable.js:381:5)
    at Console.Writable.write (/Users/noushadpathan/.npm-global/lib/node_modules/appium/node_modules/winston-transport/node_modules/readable-stream/lib/_stream_writable.js:302:11)
    at DerivedLogger.ondata (/Users/noushadpathan/.npm-global/lib/node_modules/appium/node_modules/winston/node_modules/readable-stream/lib/_stream_readable.js:629:20)
    at DerivedLogger.emit (node:events:536:35)
    at addChunk (/Users/noushadpathan/.npm-global/lib/node_modules/appium/node_modules/winston/node_modules/readable-stream/lib/_stream_readable.js:279:12)
    at readableAddChunk (/Users/noushadpathan/.npm-global/lib/node_modules/appium/node_modules/winston/node_modules/readable-stream/lib/_stream_readable.js:262:11)
    at DerivedLogger.Readable.push (/Users/noushadpathan/.npm-global/lib/node_modules/appium/node_modules/winston/node_modules/readable-stream/lib/_stream_readable.js:228:10)
    at DerivedLogger.Transform.push (/Users/noushadpathan/.npm-global/lib/node_modules/appium/node_modules/winston/node_modules/readable-stream/lib/_stream_transform.js:132:32)
    at DerivedLogger._transform (/Users/noushadpathan/.npm-global/lib/node_modules/appium/node_modules/winston/lib/winston/logger.js:314:12)
    at DerivedLogger.Transform._read (/Users/noushadpathan/.npm-global/lib/node_modules/appium/node_modules/winston/node_modules/readable-stream/lib/_stream_transform.js:166:10)
    at DerivedLogger.Transform._write (/Users/noushadpathan/.npm-global/lib/node_modules/appium/node_modules/winston/node_modules/readable-stream/lib/_stream_transform.js:155:83)
    at doWrite (/Users/noushadpathan/.npm-global/lib/node_modules/appium/node_modules/winston/node_modules/readable-stream/lib/_stream_writable.js:390:139)
2025-03-25 07:35:27:870 uncaughtException: write EPIPE
Error: write EPIPE
    at afterWriteDispatched (node:internal/stream_base_commons:159:15)
    at writeGeneric (node:internal/stream_base_commons:150:3)
    at Socket._writeGeneric (node:net:971:11)
    at Socket._write (node:net:983:8)
    at writeOrBuffer (node:internal/streams/writable:572:12)
    at _write (node:internal/streams/writable:501:10)
    at Socket.Writable.write (node:internal/streams/writable:510:10)
    at Console.log (/Users/noushadpathan/.npm-global/lib/node_modules/appium/node_modules/winston/lib/winston/transports/console.js:59:25)
    at Console._write (/Users/noushadpathan/.npm-global/lib/node_modules/appium/node_modules/winston-transport/modern.js:103:17)
    at doWrite (/Users/noushadpathan/.npm-global/lib/node_modules/appium/node_modules/winston-transport/node_modules/readable-stream/lib/_stream_writable.js:390:139)
    at writeOrBuffer (/Users/noushadpathan/.npm-global/lib/node_modules/appium/node_modules/winston-transport/node_modules/readable-stream/lib/_stream_writable.js:381:5)
    at Console.Writable.write (/Users/noushadpathan/.npm-global/lib/node_modules/appium/node_modules/winston-transport/node_modules/readable-stream/lib/_stream_writable.js:302:11)
    at DerivedLogger.ondata (/Users/noushadpathan/.npm-global/lib/node_modules/appium/node_modules/winston/node_modules/readable-stream/lib/_stream_readable.js:629:20)
    at DerivedLogger.emit (node:events:536:35)
    at addChunk (/Users/noushadpathan/.npm-global/lib/node_modules/appium/node_modules/winston/node_modules/readable-stream/lib/_stream_readable.js:279:12)
    at readableAddChunk (/Users/noushadpathan/.npm-global/lib/node_modules/appium/node_modules/winston/node_modules/readable-stream/lib/_stream_readable.js:262:11)
    at DerivedLogger.Readable.push (/Users/noushadpathan/.npm-global/lib/node_modules/appium/node_modules/winston/node_modules/readable-stream/lib/_stream_readable.js:228:10)
    at DerivedLogger.Transform.push (/Users/noushadpathan/.npm-global/lib/node_modules/appium/node_modules/winston/node_modules/readable-stream/lib/_stream_transform.js:132:32)
    at DerivedLogger._transform (/Users/noushadpathan/.npm-global/lib/node_modules/appium/node_modules/winston/lib/winston/logger.js:314:12)
    at DerivedLogger.Transform._read (/Users/noushadpathan/.npm-global/lib/node_modules/appium/node_modules/winston/node_modules/readable-stream/lib/_stream_transform.js:166:10)
    at DerivedLogger.Transform._write (/Users/noushadpathan/.npm-global/lib/node_modules/appium/node_modules/winston/node_modules/readable-stream/lib/_stream_transform.js:155:83)
    at doWrite (/Users/noushadpathan/.npm-global/lib/node_modules/appium/node_modules/winston/node_modules/readable-stream/lib/_stream_writable.js:390:139)
2025-03-25 07:35:27:870 uncaughtException: write EPIPE
Error: write EPIPE
    at afterWriteDispatched (node:internal/stream_base_commons:159:15)
    at writeGeneric (node:internal/stream_base_commons:150:3)
    at Socket._writeGeneric (node:net:971:11)
    at Socket._write (node:net:983:8)
    at writeOrBuffer (node:internal/streams/writable:572:12)
    at _write (node:internal/streams/writable:501:10)
    at Socket.Writable.write (node:internal/streams/writable:510:10)
    at Console.log (/Users/noushadpathan/.npm-global/lib/node_modules/appium/node_modules/winston/lib/winston/transports/console.js:59:25)
    at Console._write (/Users/noushadpathan/.npm-global/lib/node_modules/appium/node_modules/winston-transport/modern.js:103:17)
    at doWrite (/Users/noushadpathan/.npm-global/lib/node_modules/appium/node_modules/winston-transport/node_modules/readable-stream/lib/_stream_writable.js:390:139)
    at writeOrBuffer (/Users/noushadpathan/.npm-global/lib/node_modules/appium/node_modules/winston-transport/node_modules/readable-stream/lib/_stream_writable.js:381:5)
    at Console.Writable.write (/Users/noushadpathan/.npm-global/lib/node_modules/appium/node_modules/winston-transport/node_modules/readable-stream/lib/_stream_writable.js:302:11)
    at DerivedLogger.ondata (/Users/noushadpathan/.npm-global/lib/node_modules/appium/node_modules/winston/node_modules/readable-stream/lib/_stream_readable.js:629:20)
    at DerivedLogger.emit (node:events:536:35)
    at addChunk (/Users/noushadpathan/.npm-global/lib/node_modules/appium/node_modules/winston/node_modules/readable-stream/lib/_stream_readable.js:279:12)
    at readableAddChunk (/Users/noushadpathan/.npm-global/lib/node_modules/appium/node_modules/winston/node_modules/readable-stream/lib/_stream_readable.js:262:11)
    at DerivedLogger.Readable.push (/Users/noushadpathan/.npm-global/lib/node_modules/appium/node_modules/winston/node_modules/readable-stream/lib/_stream_readable.js:228:10)
    at DerivedLogger.Transform.push (/Users/noushadpathan/.npm-global/lib/node_modules/appium/node_modules/winston/node_modules/readable-stream/lib/_stream_transform.js:132:32)
    at DerivedLogger._transform (/Users/noushadpathan/.npm-global/lib/node_modules/appium/node_modules/winston/lib/winston/logger.js:314:12)
    at DerivedLogger.Transform._read (/Users/noushadpathan/.npm-global/lib/node_modules/appium/node_modules/winston/node_modules/readable-stream/lib/_stream_transform.js:166:10)
    at DerivedLogger.Transform._write (/Users/noushadpathan/.npm-global/lib/node_modules/appium/node_modules/winston/node_modules/readable-stream/lib/_stream_transform.js:155:83)
    at doWrite (/Users/noushadpathan/.npm-global/lib/node_modules/appium/node_modules/winston/node_modules/readable-stream/lib/_stream_writable.js:390:139)
2025-03-25 07:35:27:870 uncaughtException: write EPIPE
Error: write EPIPE
    at afterWriteDispatched (node:internal/stream_base_commons:159:15)
    at writeGeneric (node:internal/stream_base_commons:150:3)
    at Socket._writeGeneric (node:net:971:11)
    at Socket._write (node:net:983:8)
    at writeOrBuffer (node:internal/streams/writable:572:12)
    at _write (node:internal/streams/writable:501:10)
    at Socket.Writable.write (node:internal/streams/writable:510:10)
    at Console.log (/Users/noushadpathan/.npm-global/lib/node_modules/appium/node_modules/winston/lib/winston/transports/console.js:59:25)
    at Console._write (/Users/noushadpathan/.npm-global/lib/node_modules/appium/node_modules/winston-transport/modern.js:103:17)
    at doWrite (/Users/noushadpathan/.npm-global/lib/node_modules/appium/node_modules/winston-transport/node_modules/readable-stream/lib/_stream_writable.js:390:139)
    at writeOrBuffer (/Users/noushadpathan/.npm-global/lib/node_modules/appium/node_modules/winston-transport/node_modules/readable-stream/lib/_stream_writable.js:381:5)
    at Console.Writable.write (/Users/noushadpathan/.npm-global/lib/node_modules/appium/node_modules/winston-transport/node_modules/readable-stream/lib/_stream_writable.js:302:11)
    at DerivedLogger.ondata (/Users/noushadpathan/.npm-global/lib/node_modules/appium/node_modules/winston/node_modules/readable-stream/lib/_stream_readable.js:629:20)
    at DerivedLogger.emit (node:events:536:35)
    at addChunk (/Users/noushadpathan/.npm-global/lib/node_modules/appium/node_modules/winston/node_modules/readable-stream/lib/_stream_readable.js:279:12)
    at readableAddChunk (/Users/noushadpathan/.npm-global/lib/node_modules/appium/node_modules/winston/node_modules/readable-stream/lib/_stream_readable.js:262:11)
    at DerivedLogger.Readable.push (/Users/noushadpathan/.npm-global/lib/node_modules/appium/node_modules/winston/node_modules/readable-stream/lib/_stream_readable.js:228:10)
    at DerivedLogger.Transform.push (/Users/noushadpathan/.npm-global/lib/node_modules/appium/node_modules/winston/node_modules/readable-stream/lib/_stream_transform.js:132:32)
    at DerivedLogger._transform (/Users/noushadpathan/.npm-global/lib/node_modules/appium/node_modules/winston/lib/winston/logger.js:314:12)
    at DerivedLogger.Transform._read (/Users/noushadpathan/.npm-global/lib/node_modules/appium/node_modules/winston/node_modules/readable-stream/lib/_stream_transform.js:166:10)
    at DerivedLogger.Transform._write (/Users/noushadpathan/.npm-global/lib/node_modules/appium/node_modules/winston/node_modules/readable-stream/lib/_stream_transform.js:155:83)
    at doWrite (/Users/noushadpathan/.npm-global/lib/node_modules/appium/node_modules/winston/node_modules/readable-stream/lib/_stream_writable.js:390:139)
